2023-09-12 09:10:02,481 [INFO] Activator:176 - 


2023-09-12 09:10:02,489 [INFO] Activator:177 - !SESSION log4j initialized
2023-09-12 09:10:13,783 [INFO] LogOutputStream:77 - [STDOUT_REDIRECT] 
2023-09-12 09:10:27,846 [INFO] ApplicationProperties:184 - Using Application install path: C:\ST\STM32CubeIDE_1.11.0\STM32CubeIDE\plugins\com.st.stm32cube.common.mx_6.9.1.202307191849
2023-09-12 09:10:27,866 [INFO] DbMcusXml:78 - Set database path to: C:\ST\STM32CubeIDE_1.11.0\STM32CubeIDE\plugins\com.st.stm32cube.common.mx_6.9.1.202307191849\\db\/mcu/
2023-09-12 09:10:27,866 [INFO] ApiDb:274 - Set plugin database path to: C:\ST\STM32CubeIDE_1.11.0\STM32CubeIDE\plugins\com.st.stm32cube.common.mx_6.9.1.202307191849\\db\/plugins/boardmanager/
2023-09-12 09:10:27,867 [WARN] ApiDb:259 - Overriding images path with different value:  => C:\ST\STM32CubeIDE_1.11.0\STM32CubeIDE\plugins\com.st.stm32cube.common.mx_6.9.1.202307191849\\db\/plugins/mcufinder/images/
2023-09-12 09:10:27,879 [INFO] ApiDb:250 - Set database path to: C:\Users\deniz.gurhan.CIZGI\.stmcufinder\plugins\mcufinder//mcu/
2023-09-12 09:10:27,880 [INFO] DbMcusAds:125 - Set database path to: C:\Users\deniz.gurhan.CIZGI\.stmcufinder\plugins\mcufinder//mcu/
2023-09-12 09:10:27,911 [INFO] CrossReferenceDbSqlite:203 - Set database path to: C:\Users\deniz.gurhan.CIZGI\.stmcufinder\plugins\mcufinder//mcu/cs/
2023-09-12 09:10:28,052 [INFO] RulesReader:64 - Compatibility file has been processed (293 Rules)
2023-09-12 09:10:28,162 [INFO] DbMcusXml:78 - Set database path to: C:\ST\STM32CubeIDE_1.11.0\STM32CubeIDE\plugins\com.st.stm32cube.common.mx_6.9.1.202307191849\\db\/mcu/
2023-09-12 09:10:28,162 [INFO] ApiDb:274 - Set plugin database path to: C:\ST\STM32CubeIDE_1.11.0\STM32CubeIDE\plugins\com.st.stm32cube.common.mx_6.9.1.202307191849\\db\/plugins/boardmanager/
2023-09-12 09:10:28,162 [INFO] ApiDb:261 - Set plugin images path to: C:\ST\STM32CubeIDE_1.11.0\STM32CubeIDE\plugins\com.st.stm32cube.common.mx_6.9.1.202307191849\\db\/plugins/mcufinder/images/
2023-09-12 09:10:28,163 [WARN] DbFile:41 - Overriding database path with different value: C:\Users\deniz.gurhan.CIZGI\.stmcufinder\plugins\mcufinder/ => C:\Users\deniz.gurhan.CIZGI\.stmcufinder\plugins\mcufinder
2023-09-12 09:10:28,163 [INFO] ApiDb:250 - Set database path to: C:\Users\deniz.gurhan.CIZGI\.stmcufinder\plugins\mcufinder//mcu/
2023-09-12 09:10:28,163 [WARN] DbFile:41 - Overriding database path with different value: C:\Users\deniz.gurhan.CIZGI\.stmcufinder\plugins\mcufinder/ => C:\Users\deniz.gurhan.CIZGI\.stmcufinder\plugins\mcufinder
2023-09-12 09:10:28,163 [INFO] DbMcusAds:125 - Set database path to: C:\Users\deniz.gurhan.CIZGI\.stmcufinder\plugins\mcufinder//mcu/
2023-09-12 09:10:28,163 [WARN] DbFile:41 - Overriding database path with different value: C:\Users\deniz.gurhan.CIZGI\.stmcufinder\plugins\mcufinder/ => C:\Users\deniz.gurhan.CIZGI\.stmcufinder\plugins\mcufinder
2023-09-12 09:10:28,163 [WARN] DbFile:41 - Overriding database path with different value: C:\Users\deniz.gurhan.CIZGI\.stmcufinder\plugins\mcufinder/ => C:\Users\deniz.gurhan.CIZGI\.stmcufinder\plugins\mcufinder
2023-09-12 09:10:28,163 [INFO] CrossReferenceDbSqlite:203 - Set database path to: C:\Users\deniz.gurhan.CIZGI\.stmcufinder\plugins\mcufinder//mcu/cs/
2023-09-12 09:10:28,251 [INFO] MainPanel:262 - HeapMemory: 268435456
2023-09-12 09:10:28,345 [INFO] DbMcusXml:78 - Set database path to: C:\ST\STM32CubeIDE_1.11.0\STM32CubeIDE\plugins\com.st.stm32cube.common.mx_6.9.1.202307191849\\db\/mcu/
2023-09-12 09:10:28,345 [INFO] ApiDb:274 - Set plugin database path to: C:\ST\STM32CubeIDE_1.11.0\STM32CubeIDE\plugins\com.st.stm32cube.common.mx_6.9.1.202307191849\\db\/plugins/boardmanager/
2023-09-12 09:10:28,345 [INFO] ApiDb:261 - Set plugin images path to: C:\ST\STM32CubeIDE_1.11.0\STM32CubeIDE\plugins\com.st.stm32cube.common.mx_6.9.1.202307191849\\db\/plugins/mcufinder/images/
2023-09-12 09:10:28,346 [WARN] DbFile:41 - Overriding database path with different value: C:\Users\deniz.gurhan.CIZGI\.stmcufinder\plugins\mcufinder/ => C:\Users\deniz.gurhan.CIZGI\.stmcufinder\plugins\mcufinder
2023-09-12 09:10:28,346 [INFO] ApiDb:250 - Set database path to: C:\Users\deniz.gurhan.CIZGI\.stmcufinder\plugins\mcufinder//mcu/
2023-09-12 09:10:28,346 [WARN] DbFile:41 - Overriding database path with different value: C:\Users\deniz.gurhan.CIZGI\.stmcufinder\plugins\mcufinder/ => C:\Users\deniz.gurhan.CIZGI\.stmcufinder\plugins\mcufinder
2023-09-12 09:10:28,346 [INFO] DbMcusAds:125 - Set database path to: C:\Users\deniz.gurhan.CIZGI\.stmcufinder\plugins\mcufinder//mcu/
2023-09-12 09:10:28,346 [WARN] DbFile:41 - Overriding database path with different value: C:\Users\deniz.gurhan.CIZGI\.stmcufinder\plugins\mcufinder/ => C:\Users\deniz.gurhan.CIZGI\.stmcufinder\plugins\mcufinder
2023-09-12 09:10:28,346 [WARN] DbFile:41 - Overriding database path with different value: C:\Users\deniz.gurhan.CIZGI\.stmcufinder\plugins\mcufinder/ => C:\Users\deniz.gurhan.CIZGI\.stmcufinder\plugins\mcufinder
2023-09-12 09:10:28,346 [INFO] CrossReferenceDbSqlite:203 - Set database path to: C:\Users\deniz.gurhan.CIZGI\.stmcufinder\plugins\mcufinder//mcu/cs/
2023-09-12 09:10:28,364 [INFO] ApplicationProperties:184 - Using Application install path: C:\ST\STM32CubeIDE_1.11.0\STM32CubeIDE\plugins\com.st.stm32cube.common.mx_6.9.1.202307191849
2023-09-12 09:10:28,365 [INFO] PluginManage:196 - Search for loadable plugins [exclusion list=, ]
2023-09-12 09:10:28,367 [INFO] PluginManage:310 - Check plugin analytics
2023-09-12 09:10:33,137 [INFO] AnalyticsPlugin:253 - Accepted Software Licenses: 
2023-09-12 09:10:33,137 [INFO] AnalyticsPlugin:255 - Accepted CMSIS Pack Licenses: 
2023-09-12 09:10:33,138 [INFO] AnalyticsPlugin:257 - Accepted Firmware Licenses: 
2023-09-12 09:10:33,140 [INFO] PluginManage:359 - Loaded plugin analytics (category:tool,tabindex:-1)
2023-09-12 09:10:33,141 [INFO] PluginManage:310 - Check plugin cadmodel
2023-09-12 09:10:33,162 [INFO] CADModel:105 - Init CAD model plugin
2023-09-12 09:10:33,162 [INFO] PluginManage:359 - Loaded plugin cadmodel (category:power,tabindex:5)
2023-09-12 09:10:33,163 [INFO] PluginManage:310 - Check plugin clock
2023-09-12 09:10:33,205 [INFO] PluginManage:359 - Loaded plugin clock (category:base,tabindex:2)
2023-09-12 09:10:33,205 [INFO] PluginManage:310 - Check plugin ddr
2023-09-12 09:10:33,208 [INFO] PluginManage:359 - Loaded plugin ddr (category:tool,tabindex:6)
2023-09-12 09:10:33,209 [INFO] PluginManage:310 - Check plugin filemanager
2023-09-12 09:10:33,489 [INFO] PluginManage:359 - Loaded plugin filemanager (category:base,tabindex:10)
2023-09-12 09:10:33,489 [INFO] PluginManage:310 - Check plugin ipmanager
2023-09-12 09:10:33,507 [INFO] PluginManage:359 - Loaded plugin ipmanager (category:base,tabindex:5)
2023-09-12 09:10:33,507 [INFO] PluginManage:310 - Check plugin lpbam
2023-09-12 09:10:33,544 [INFO] PluginManage:359 - Loaded plugin lpbam (category:base,tabindex:0)
2023-09-12 09:10:33,544 [INFO] PluginManage:310 - Check plugin memorymap
2023-09-12 09:10:33,601 [INFO] PluginManage:359 - Loaded plugin memorymap (category:base,tabindex:4)
2023-09-12 09:10:33,602 [INFO] PluginManage:310 - Check plugin pinoutandconfiguration
2023-09-12 09:10:33,632 [INFO] PluginManage:359 - Loaded plugin pinoutandconfiguration (category:base,tabindex:1)
2023-09-12 09:10:33,633 [INFO] PluginManage:310 - Check plugin pinoutconfig
2023-09-12 09:10:33,791 [WARN] SupportedApi:132 - Cannot load RTOS API schema: s4s-elt-must-match.1: The content of 'definitions' must match (annotation?, (simpleType | complexType)?, (unique | key | keyref)*)). A problem was found starting at: attribute.
2023-09-12 09:10:33,994 [INFO] PluginManage:359 - Loaded plugin pinoutconfig (category:base,tabindex:0)
2023-09-12 09:10:33,994 [INFO] PluginManage:310 - Check plugin power
2023-09-12 09:10:34,024 [INFO] PluginManage:359 - Loaded plugin power (category:power,tabindex:4)
2023-09-12 09:10:34,024 [INFO] PluginManage:310 - Check plugin projectmanager
2023-09-12 09:10:34,042 [INFO] PluginManage:359 - Loaded plugin projectmanager (category:projectmanager,tabindex:3)
2023-09-12 09:10:34,043 [INFO] PluginManage:310 - Check plugin thirdparty
2023-09-12 09:10:34,398 [INFO] PluginManage:359 - Loaded plugin thirdparty (category:base,tabindex:-1)
2023-09-12 09:10:34,398 [WARN] IntegrityCheckThread:84 - waiting for thirdparty lock release [integrity check]
2023-09-12 09:10:34,398 [INFO] PluginManage:310 - Check plugin tools
2023-09-12 09:10:34,399 [INFO] IntegrityCheckThread:86 - entering critical section [integrity check]
2023-09-12 09:10:34,399 [INFO] ThirdPartyUpdaterWithRetryManager:70 - Updater plugin not ready yet. [1/15]
2023-09-12 09:10:34,446 [INFO] PluginManage:359 - Loaded plugin tools (category:base,tabindex:7)
2023-09-12 09:10:34,447 [INFO] PluginManage:310 - Check plugin tutovideos
2023-09-12 09:10:34,701 [INFO] PluginManage:359 - Loaded plugin tutovideos (category:base,tabindex:-1)
2023-09-12 09:10:34,701 [INFO] PluginManage:310 - Check plugin updater
2023-09-12 09:10:34,714 [INFO] PluginManage:359 - Loaded plugin updater (category:base,tabindex:12)
2023-09-12 09:10:34,715 [INFO] PluginManage:310 - Check plugin userauth
2023-09-12 09:10:34,724 [INFO] UserAuth:113 - Init User Auth plugin
2023-09-12 09:10:34,725 [INFO] PluginManage:359 - Loaded plugin userauth (category:base,tabindex:14)
2023-09-12 09:10:34,725 [INFO] PluginManage:283 - PluginManage : Loaded plugins [17]
2023-09-12 09:10:35,017 [INFO] PinOutPanel:1499 - setPackage(No Configuration,No Configuration)
2023-09-12 09:10:35,186 [INFO] CADModel:165 - CPN selected for project level
2023-09-12 09:10:35,186 [INFO] CADModel:114 - Register for checkConnection events
2023-09-12 09:10:35,225 [INFO] IPUIPlugin:80 - create IPUIPlugin
2023-09-12 09:10:35,225 [INFO] PluginManager:220 - loadIPPluginJar : add adc
2023-09-12 09:10:35,290 [INFO] IPUIPlugin:80 - create IPUIPlugin
2023-09-12 09:10:35,290 [INFO] PluginManager:220 - loadIPPluginJar : add aes
2023-09-12 09:10:35,361 [INFO] IPUIPlugin:80 - create IPUIPlugin
2023-09-12 09:10:35,361 [INFO] PluginManager:220 - loadIPPluginJar : add can
2023-09-12 09:10:35,398 [INFO] IPUIPlugin:80 - create IPUIPlugin
2023-09-12 09:10:35,399 [INFO] PluginManager:220 - loadIPPluginJar : add comp
2023-09-12 09:10:35,442 [INFO] IPUIPlugin:80 - create IPUIPlugin
2023-09-12 09:10:35,442 [INFO] PluginManager:220 - loadIPPluginJar : add cryp
2023-09-12 09:10:35,477 [INFO] IPUIPlugin:80 - create IPUIPlugin
2023-09-12 09:10:35,477 [INFO] PluginManager:220 - loadIPPluginJar : add dfsdm
2023-09-12 09:10:35,493 [INFO] IPUIPlugin:80 - create IPUIPlugin
2023-09-12 09:10:35,495 [INFO] PluginManager:220 - loadIPPluginJar : add dma
2023-09-12 09:10:35,543 [INFO] IPUIPlugin:80 - create IPUIPlugin
2023-09-12 09:10:35,543 [INFO] PluginManager:220 - loadIPPluginJar : add dma3
2023-09-12 09:10:35,566 [INFO] IPUIPlugin:80 - create IPUIPlugin
2023-09-12 09:10:35,566 [INFO] PluginManager:220 - loadIPPluginJar : add fatfs
2023-09-12 09:10:35,627 [INFO] IPUIPlugin:80 - create IPUIPlugin
2023-09-12 09:10:35,627 [INFO] PluginManager:220 - loadIPPluginJar : add fmc
2023-09-12 09:10:35,650 [INFO] IPUIPlugin:80 - create IPUIPlugin
2023-09-12 09:10:35,651 [INFO] PluginManager:220 - loadIPPluginJar : add freertos
2023-09-12 09:10:35,677 [INFO] IPUIPlugin:80 - create IPUIPlugin
2023-09-12 09:10:35,677 [INFO] PluginManager:220 - loadIPPluginJar : add genericplugin
2023-09-12 09:10:35,801 [INFO] IPUIPlugin:80 - create IPUIPlugin
2023-09-12 09:10:35,801 [INFO] PluginManager:220 - loadIPPluginJar : add gfxmmu
2023-09-12 09:10:35,960 [INFO] IPUIPlugin:80 - create IPUIPlugin
2023-09-12 09:10:35,960 [INFO] PluginManager:220 - loadIPPluginJar : add gic
2023-09-12 09:10:35,978 [INFO] IPUIPlugin:80 - create IPUIPlugin
2023-09-12 09:10:35,979 [INFO] PluginManager:220 - loadIPPluginJar : add gpio
2023-09-12 09:10:36,080 [INFO] IPUIPlugin:80 - create IPUIPlugin
2023-09-12 09:10:36,080 [INFO] PluginManager:220 - loadIPPluginJar : add gtzc
2023-09-12 09:10:36,118 [INFO] IPUIPlugin:80 - create IPUIPlugin
2023-09-12 09:10:36,118 [INFO] PluginManager:220 - loadIPPluginJar : add hash
2023-09-12 09:10:36,174 [INFO] IPUIPlugin:80 - create IPUIPlugin
2023-09-12 09:10:36,174 [INFO] PluginManager:220 - loadIPPluginJar : add i2c
2023-09-12 09:10:36,220 [INFO] IPUIPlugin:80 - create IPUIPlugin
2023-09-12 09:10:36,220 [INFO] PluginManager:220 - loadIPPluginJar : add i2s
2023-09-12 09:10:36,264 [INFO] IPUIPlugin:80 - create IPUIPlugin
2023-09-12 09:10:36,265 [INFO] PluginManager:220 - loadIPPluginJar : add i3c
2023-09-12 09:10:36,374 [INFO] IPUIPlugin:80 - create IPUIPlugin
2023-09-12 09:10:36,374 [INFO] PluginManager:220 - loadIPPluginJar : add ipddr
2023-09-12 09:10:36,475 [INFO] IPUIPlugin:80 - create IPUIPlugin
2023-09-12 09:10:36,475 [INFO] PluginManager:220 - loadIPPluginJar : add linkedlist
2023-09-12 09:10:36,511 [INFO] IPUIPlugin:80 - create IPUIPlugin
2023-09-12 09:10:36,511 [INFO] PluginManager:220 - loadIPPluginJar : add lorawan
2023-09-12 09:10:36,548 [INFO] IPUIPlugin:80 - create IPUIPlugin
2023-09-12 09:10:36,548 [INFO] PluginManager:220 - loadIPPluginJar : add ltdc
2023-09-12 09:10:36,564 [INFO] IPUIPlugin:80 - create IPUIPlugin
2023-09-12 09:10:36,564 [INFO] PluginManager:220 - loadIPPluginJar : add mdma
2023-09-12 09:10:36,577 [INFO] IPUIPlugin:80 - create IPUIPlugin
2023-09-12 09:10:36,578 [INFO] PluginManager:220 - loadIPPluginJar : add nvic
2023-09-12 09:10:36,620 [INFO] IPUIPlugin:80 - create IPUIPlugin
2023-09-12 09:10:36,620 [INFO] PluginManager:220 - loadIPPluginJar : add opamp
2023-09-12 09:10:36,681 [INFO] IPUIPlugin:80 - create IPUIPlugin
2023-09-12 09:10:36,681 [INFO] PluginManager:220 - loadIPPluginJar : add openamp
2023-09-12 09:10:36,730 [INFO] IPUIPlugin:80 - create IPUIPlugin
2023-09-12 09:10:36,730 [INFO] PluginManager:220 - loadIPPluginJar : add pdm2pcm
2023-09-12 09:10:36,746 [INFO] IPUIPlugin:80 - create IPUIPlugin
2023-09-12 09:10:36,748 [INFO] PluginManager:220 - loadIPPluginJar : add plateformsettings
2023-09-12 09:10:36,770 [INFO] IPUIPlugin:80 - create IPUIPlugin
2023-09-12 09:10:36,771 [INFO] PluginManager:220 - loadIPPluginJar : add quadspi
2023-09-12 09:10:36,784 [INFO] IPUIPlugin:80 - create IPUIPlugin
2023-09-12 09:10:36,784 [INFO] PluginManager:220 - loadIPPluginJar : add resmgrutility
2023-09-12 09:10:36,833 [INFO] IPUIPlugin:80 - create IPUIPlugin
2023-09-12 09:10:36,833 [INFO] PluginManager:220 - loadIPPluginJar : add sai
2023-09-12 09:10:36,872 [INFO] IPUIPlugin:80 - create IPUIPlugin
2023-09-12 09:10:36,872 [INFO] PluginManager:220 - loadIPPluginJar : add spi
2023-09-12 09:10:36,931 [INFO] IPUIPlugin:80 - create IPUIPlugin
2023-09-12 09:10:36,932 [INFO] PluginManager:220 - loadIPPluginJar : add stm32_wpan
2023-09-12 09:10:36,958 [INFO] IPUIPlugin:80 - create IPUIPlugin
2023-09-12 09:10:36,958 [INFO] PluginManager:220 - loadIPPluginJar : add tim
2023-09-12 09:10:37,014 [INFO] IPUIPlugin:80 - create IPUIPlugin
2023-09-12 09:10:37,014 [INFO] PluginManager:220 - loadIPPluginJar : add touchsensing
2023-09-12 09:10:37,041 [INFO] IPUIPlugin:80 - create IPUIPlugin
2023-09-12 09:10:37,041 [INFO] PluginManager:220 - loadIPPluginJar : add tracer_emb
2023-09-12 09:10:37,064 [INFO] IPUIPlugin:80 - create IPUIPlugin
2023-09-12 09:10:37,064 [INFO] PluginManager:220 - loadIPPluginJar : add ts
2023-09-12 09:10:37,087 [INFO] IPUIPlugin:80 - create IPUIPlugin
2023-09-12 09:10:37,087 [INFO] PluginManager:220 - loadIPPluginJar : add tsc
2023-09-12 09:10:37,109 [INFO] IPUIPlugin:80 - create IPUIPlugin
2023-09-12 09:10:37,109 [INFO] PluginManager:220 - loadIPPluginJar : add ucpd
2023-09-12 09:10:37,154 [INFO] IPUIPlugin:80 - create IPUIPlugin
2023-09-12 09:10:37,154 [INFO] PluginManager:220 - loadIPPluginJar : add usart
2023-09-12 09:10:37,198 [INFO] IPUIPlugin:80 - create IPUIPlugin
2023-09-12 09:10:37,198 [INFO] PluginManager:220 - loadIPPluginJar : add usbx
2023-09-12 09:10:37,319 [INFO] CADModel:165 - CPN selected for project level
2023-09-12 09:10:37,319 [INFO] CADModel:114 - Register for checkConnection events
2023-09-12 09:10:37,320 [FATAL] Updater:308 - Updater called before beeing initialized
2023-09-12 09:10:37,320 [ERROR] CADModel:125 - Updater not yet initialized, retry later 
2023-09-12 09:10:37,402 [INFO] ThirdPartyUpdaterWithRetryManager:70 - Updater plugin not ready yet. [2/15]
2023-09-12 09:10:37,465 [INFO] CADModel:165 - CPN selected for project level
2023-09-12 09:10:37,465 [INFO] CADModel:114 - Register for checkConnection events
2023-09-12 09:10:37,466 [FATAL] Updater:308 - Updater called before beeing initialized
2023-09-12 09:10:37,466 [ERROR] CADModel:125 - Updater not yet initialized, retry later 
2023-09-12 09:10:37,469 [FATAL] Updater:308 - Updater called before beeing initialized
2023-09-12 09:10:37,591 [FATAL] Updater:308 - Updater called before beeing initialized
2023-09-12 09:10:37,606 [INFO] DbMcusAds:53 - JSON generation date=Tue Mar 07 11:50:55 TRT 2023 (1678179055114)
2023-09-12 09:10:37,606 [FATAL] Updater:308 - Updater called before beeing initialized
2023-09-12 09:10:37,654 [WARN] DetailPanel:346 - Failed to get advertising image, set to default
2023-09-12 09:10:37,759 [FATAL] Updater:308 - Updater called before beeing initialized
2023-09-12 09:10:37,761 [FATAL] Updater:308 - Updater called before beeing initialized
2023-09-12 09:10:37,761 [FATAL] Updater:308 - Updater called before beeing initialized
2023-09-12 09:10:37,761 [WARN] DetailPanel:346 - Failed to get advertising image, set to default
2023-09-12 09:10:37,762 [FATAL] Updater:308 - Updater called before beeing initialized
2023-09-12 09:10:37,827 [ERROR] Updater:1120 - MainUpdater not yet initialized. External WinMGr cannot be set.
2023-09-12 09:10:37,839 [INFO] Updater:1056 - Updater Version found : 6.9.1
2023-09-12 09:10:37,858 [INFO] ApplicationProperties:184 - Using Application install path: C:\ST\STM32CubeIDE_1.11.0\STM32CubeIDE\plugins\com.st.stm32cube.common.mx_6.9.1.202307191849
2023-09-12 09:10:38,479 [INFO] MainUpdater:2868 - connection check result : 10
2023-09-12 09:10:38,480 [INFO] MainUpdater:3562 - Updater definition file requires update
2023-09-12 09:10:38,482 [INFO] MainUpdater:285 - Updater Check For Update Now.
2023-09-12 09:10:38,483 [INFO] MicroXplorer:498 - Change Database Version : DB.6.0.91
2023-09-12 09:10:38,512 [INFO] McuFinderGlobals:63 - Set McuFinder mode to 2 (CubeIDE integrated)
2023-09-12 09:10:38,668 [INFO] ServerAccessManage:473 - Download File updaters.zip
2023-09-12 09:10:38,846 [INFO] FileExtend:240 - Unzip File : updaters.zip
2023-09-12 09:10:38,846 [INFO] FileExtend:255 - Standard Zip Deflate
2023-09-12 09:10:39,657 [INFO] ServerAccessManage:473 - Download File PacksControlFlags.xml
2023-09-12 09:10:40,048 [INFO] ServerAccessManage:473 - Download File cubemx.pidx
2023-09-12 09:10:40,420 [WARN] MainUpdater:1189 - Updater busy. Cannot search thirdparties
2023-09-12 09:10:40,420 [INFO] ThirdPartyUpdaterWithRetryManager:96 - Updater plugin is busy. [1/15]
2023-09-12 09:10:40,832 [INFO] ServerAccessManage:473 - Download File STMicroelectronics.FP-SNS-SMARTAG2.pdsc
2023-09-12 09:10:41,747 [INFO] ServerAccessManage:473 - Download File STMicroelectronics.X-CUBE-NFC6.pdsc
2023-09-12 09:10:43,387 [ERROR] ServerAccessManage:1096 - Problem, Http access forbiden
2023-09-12 09:10:43,389 [ERROR] ServerAccessManage:651 - Problem, Http access forbiden : RoweBots.I-CUBE-UNISONRTOS.pdsc.
2023-09-12 09:10:43,421 [WARN] MainUpdater:1189 - Updater busy. Cannot search thirdparties
2023-09-12 09:10:43,421 [INFO] ThirdPartyUpdaterWithRetryManager:96 - Updater plugin is busy. [2/15]
2023-09-12 09:10:43,539 [WARN] PackLoader:240 - Cannot read IP mode file for STMicroelectronics.FP-SNS-SMARTAG2.1.2.0
2023-09-12 09:10:43,558 [WARN] PackLoader:240 - Cannot read IP mode file for STMicroelectronics.X-CUBE-NFC6.3.0.0
2023-09-12 09:10:43,565 [INFO] PopulateThirdPartyThread:66 - Ending populate Thread
2023-09-12 09:10:43,567 [INFO] ThirdParty:1030 - CMSIS Pack Vendor :STMicroelectronics FP-SNS-SMARTAG2 1.2.0
2023-09-12 09:10:43,567 [INFO] ThirdParty:1030 - CMSIS Pack Vendor :STMicroelectronics X-CUBE-NFC6 3.0.0
2023-09-12 09:10:43,567 [INFO] LoadServerUpdatesThread:373 - End of LoadServerUpdate Thread
2023-09-12 09:10:43,674 [INFO] CheckServerUpdateThread:120 - End of CheckServer Thread
2023-09-12 09:10:46,825 [WARN] PackLoader:240 - Cannot read IP mode file for STMicroelectronics.X-CUBE-SMBUS.2.1.0
2023-09-12 09:10:46,867 [WARN] PackLoader:240 - Cannot read IP mode file for STMicroelectronics.X-CUBE-AZRTOS-F7.1.1.0
2023-09-12 09:10:46,892 [WARN] PackLoader:240 - Cannot read IP mode file for STMicroelectronics.FP-SNS-MOTENV1.4.3.2
2023-09-12 09:10:46,912 [WARN] PackLoader:240 - Cannot read IP mode file for STMicroelectronics.X-CUBE-BLE1.6.2.4
2023-09-12 09:10:46,921 [WARN] PackLoader:240 - Cannot read IP mode file for STMicroelectronics.FP-SNS-FLIGHT1.5.0.2
2023-09-12 09:10:46,943 [WARN] PackLoader:240 - Cannot read IP mode file for STMicroelectronics.X-CUBE-DISPLAY.3.0.0
2023-09-12 09:10:46,968 [WARN] PackLoader:240 - Cannot read IP mode file for STMicroelectronics.X-CUBE-BLE1.7.0.0
2023-09-12 09:10:46,991 [WARN] PackLoader:240 - Cannot read IP mode file for emotas.I-CUBE-CANOPEN.1.3.0
2023-09-12 09:10:47,005 [WARN] PackLoader:240 - Cannot read IP mode file for STMicroelectronics.X-CUBE-TOUCHGFX.4.22.0
2023-09-12 09:10:47,009 [WARN] PackLoader:240 - Cannot read IP mode file for STMicroelectronics.FP-SNS-SMARTAG2.1.2.0
2023-09-12 09:10:47,035 [INFO] LogOutputStream:77 - [STDOUT_REDIRECT] 1 : Invalid condition id : UX_CORESTACK_Condition cause : null
2023-09-12 09:10:47,036 [INFO] LogOutputStream:77 - [STDOUT_REDIRECT] 1 : Invalid condition id : UX_CORESTACK_Condition cause : null
2023-09-12 09:10:47,038 [INFO] LogOutputStream:77 - [STDOUT_REDIRECT] 1 : Invalid condition id : UX_CORESTACK_Condition cause : null
2023-09-12 09:10:47,039 [INFO] LogOutputStream:77 - [STDOUT_REDIRECT] 1 : Invalid condition id : UX_CORESTACK_Condition cause : null
2023-09-12 09:10:47,040 [INFO] LogOutputStream:77 - [STDOUT_REDIRECT] 1 : Invalid condition id : UX_CORESTACK_Condition cause : null
2023-09-12 09:10:47,043 [WARN] PackLoader:240 - Cannot read IP mode file for STMicroelectronics.X-CUBE-AZRTOS-WL.2.0.0
2023-09-12 09:10:47,058 [WARN] PackLoader:240 - Cannot read IP mode file for WES.I-CUBE-Cesium.1.3.0
2023-09-12 09:10:47,069 [WARN] PackLoader:240 - Cannot read IP mode file for STMicroelectronics.X-CUBE-BLE2.3.3.0
2023-09-12 09:10:47,080 [WARN] PackLoader:240 - Cannot read IP mode file for STMicroelectronics.X-CUBE-ALGOBUILD.1.3.0
2023-09-12 09:10:47,103 [WARN] PackLoader:240 - Cannot read IP mode file for STMicroelectronics.X-CUBE-AZRTOS-G0.1.1.0
2023-09-12 09:10:47,119 [WARN] PackLoader:240 - Cannot read IP mode file for STMicroelectronics.X-CUBE-NFC4.3.0.0
2023-09-12 09:10:47,125 [WARN] PackLoader:240 - Cannot read IP mode file for STMicroelectronics.FP-ATR-SIGFOX1.3.2.0
2023-09-12 09:10:47,164 [WARN] PackLoader:240 - Cannot read IP mode file for SEGGER.I-CUBE-embOS.1.3.1
2023-09-12 09:10:47,219 [WARN] PackLoader:240 - Cannot read IP mode file for STMicroelectronics.X-CUBE-GNSS1.6.0.0
2023-09-12 09:10:47,251 [WARN] PackLoader:240 - Cannot read IP mode file for STMicroelectronics.X-CUBE-AZRTOS-F4.1.1.0
2023-09-12 09:10:47,264 [WARN] PackLoader:240 - Cannot read IP mode file for wolfSSL.I-CUBE-wolfSSL.5.6.3
2023-09-12 09:10:47,295 [WARN] PackLoader:240 - Cannot read IP mode file for STMicroelectronics.X-CUBE-AZRTOS-L5.2.0.0
2023-09-12 09:10:47,365 [WARN] PackLoader:240 - Cannot read IP mode file for STMicroelectronics.X-CUBE-MEMS1.9.6.0
2023-09-12 09:10:47,528 [WARN] PackLoader:240 - Cannot read IP mode file for STMicroelectronics.X-CUBE-BLEMGR.2.0.0
2023-09-12 09:10:47,571 [WARN] ConditionMgr:438 - getConditionDescription Invalid condition id : UX DEVICE CLASS RTOS Condition cause : null
2023-09-12 09:10:47,571 [WARN] ConditionMgr:438 - getConditionDescription Invalid condition id : UX DEVICE CLASS RTOS Condition cause : null
2023-09-12 09:10:47,576 [WARN] PackLoader:240 - Cannot read IP mode file for STMicroelectronics.X-CUBE-AZRTOS-H7.3.1.0
2023-09-12 09:10:47,578 [WARN] ConditionMgr:1039 - genDependencies : Invalid condition id : UX DEVICE CLASS RTOS Condition cause : null
2023-09-12 09:10:47,578 [WARN] ConditionMgr:1039 - genDependencies : Invalid condition id : UX DEVICE CLASS RTOS Condition cause : null
2023-09-12 09:10:47,579 [WARN] ConditionMgr:1039 - genDependencies : Invalid condition id : UX DEVICE CLASS RTOS Condition cause : null
2023-09-12 09:10:47,579 [WARN] ConditionMgr:1039 - genDependencies : Invalid condition id : UX DEVICE CLASS RTOS Condition cause : null
2023-09-12 09:10:47,579 [WARN] ConditionMgr:1039 - genDependencies : Invalid condition id : UX DEVICE CLASS RTOS Condition cause : null
2023-09-12 09:10:47,600 [WARN] PackLoader:240 - Cannot read IP mode file for STMicroelectronics.X-CUBE-NFC7.1.0.1
2023-09-12 09:10:47,611 [WARN] PackLoader:240 - Cannot read IP mode file for STMicroelectronics.X-CUBE-NFC6.3.0.0
2023-09-12 09:10:47,632 [WARN] PackLoader:240 - Cannot read IP mode file for STMicroelectronics.X-CUBE-EEPRMA1.4.1.0
2023-09-12 09:10:47,652 [WARN] PackLoader:240 - Cannot read IP mode file for STMicroelectronics.X-CUBE-AI.8.1.0
2023-09-12 09:10:47,703 [WARN] ConditionMgr:438 - getConditionDescription Invalid condition id : LAN8742 Phy interface Condition cause : null
2023-09-12 09:10:47,705 [WARN] PackLoader:240 - Cannot read IP mode file for STMicroelectronics.X-CUBE-AZRTOS-L4.2.0.0
2023-09-12 09:10:47,707 [WARN] ConditionMgr:1039 - genDependencies : Invalid condition id : LAN8742 Phy interface Condition cause : null
2023-09-12 09:10:47,707 [WARN] ConditionMgr:1039 - genDependencies : Invalid condition id : LAN8742 Phy interface Condition cause : null
2023-09-12 09:10:47,708 [WARN] ConditionMgr:1039 - genDependencies : Invalid condition id : LAN8742 Phy interface Condition cause : null
2023-09-12 09:10:47,735 [WARN] PackLoader:240 - Cannot read IP mode file for STMicroelectronics.X-CUBE-SFXS2LP1.4.0.0
2023-09-12 09:10:47,756 [WARN] PackLoader:240 - Cannot read IP mode file for STMicroelectronics.X-CUBE-ISPU.1.1.0
2023-09-12 09:10:47,802 [WARN] ConditionMgr:438 - getConditionDescription Invalid condition id : UX DEVICE CLASS RTOS Condition cause : null
2023-09-12 09:10:47,803 [WARN] ConditionMgr:438 - getConditionDescription Invalid condition id : UX DEVICE CLASS RTOS Condition cause : null
2023-09-12 09:10:47,807 [WARN] PackLoader:240 - Cannot read IP mode file for STMicroelectronics.X-CUBE-AZRTOS-WB.2.0.0
2023-09-12 09:10:47,808 [WARN] ConditionMgr:1039 - genDependencies : Invalid condition id : UX DEVICE CLASS RTOS Condition cause : null
2023-09-12 09:10:47,809 [WARN] ConditionMgr:1039 - genDependencies : Invalid condition id : UX DEVICE CLASS RTOS Condition cause : null
2023-09-12 09:10:47,810 [WARN] ConditionMgr:1039 - genDependencies : Invalid condition id : UX DEVICE CLASS RTOS Condition cause : null
2023-09-12 09:10:47,810 [WARN] ConditionMgr:1039 - genDependencies : Invalid condition id : UX DEVICE CLASS RTOS Condition cause : null
2023-09-12 09:10:47,810 [WARN] ConditionMgr:1039 - genDependencies : Invalid condition id : UX DEVICE CLASS RTOS Condition cause : null
2023-09-12 09:10:47,834 [WARN] PackLoader:240 - Cannot read IP mode file for STMicroelectronics.X-CUBE-FREERTOS.1.0.1
2023-09-12 09:10:47,894 [WARN] PackLoader:240 - Cannot read IP mode file for STMicroelectronics.X-CUBE-AZRTOS-L5.1.1.0
2023-09-12 09:10:47,939 [WARN] PackLoader:240 - Cannot read IP mode file for STMicroelectronics.X-CUBE-SUBG2.5.0.0
2023-09-12 09:10:47,987 [WARN] PackLoader:240 - Cannot read IP mode file for STMicroelectronics.X-CUBE-TOF1.3.3.1
2023-09-12 09:10:48,047 [WARN] PackLoader:240 - Cannot read IP mode file for STMicroelectronics.X-CUBE-AZRTOS-G4.2.0.0
2023-09-12 09:10:48,082 [WARN] PackLoader:240 - Cannot read IP mode file for STMicroelectronics.X-CUBE-FREERTOS.1.1.0
2023-09-12 09:10:48,111 [WARN] PackLoader:240 - Cannot read IP mode file for portGmbH.I-Cube-SoM-uGOAL.1.1.0
2023-09-12 09:10:48,142 [WARN] PackLoader:240 - Cannot read IP mode file for STMicroelectronics.X-CUBE-ALS.1.0.1
2023-09-12 09:10:48,194 [WARN] PackLoader:240 - Cannot read IP mode file for STMicroelectronics.X-CUBE-AZRTOS-WB.1.1.0
2023-09-12 09:10:48,206 [WARN] PackLoader:240 - Cannot read IP mode file for STMicroelectronics.FP-ATR-ASTRA1.2.0.0
2023-09-12 09:10:48,208 [INFO] ThirdParty:978 - Integrity check success = true
2023-09-12 09:10:48,208 [INFO] IntegrityCheckThread:100 - exiting critical section [integrity check]
2023-09-12 09:10:48,208 [INFO] IntegrityCheckThread:103 - End integrity checks thread
