2023-08-29 08:17:31,850 [INFO] Activator:176 - 


2023-08-29 08:17:31,858 [INFO] Activator:177 - !SESSION log4j initialized
2023-08-29 08:17:44,595 [INFO] LogOutputStream:77 - [STDOUT_REDIRECT] 
2023-08-29 08:18:05,369 [INFO] ApplicationProperties:184 - Using Application install path: C:\ST\STM32CubeIDE_1.11.0\STM32CubeIDE\plugins\com.st.stm32cube.common.mx_6.9.1.202307191849
2023-08-29 08:18:05,393 [INFO] DbMcusXml:78 - Set database path to: C:\ST\STM32CubeIDE_1.11.0\STM32CubeIDE\plugins\com.st.stm32cube.common.mx_6.9.1.202307191849\\db\/mcu/
2023-08-29 08:18:05,394 [INFO] ApiDb:274 - Set plugin database path to: C:\ST\STM32CubeIDE_1.11.0\STM32CubeIDE\plugins\com.st.stm32cube.common.mx_6.9.1.202307191849\\db\/plugins/boardmanager/
2023-08-29 08:18:05,394 [WARN] ApiDb:259 - Overriding images path with different value:  => C:\ST\STM32CubeIDE_1.11.0\STM32CubeIDE\plugins\com.st.stm32cube.common.mx_6.9.1.202307191849\\db\/plugins/mcufinder/images/
2023-08-29 08:18:05,409 [INFO] ApiDb:250 - Set database path to: C:\Users\deniz.gurhan.CIZGI\.stmcufinder\plugins\mcufinder//mcu/
2023-08-29 08:18:05,410 [INFO] DbMcusAds:125 - Set database path to: C:\Users\deniz.gurhan.CIZGI\.stmcufinder\plugins\mcufinder//mcu/
2023-08-29 08:18:05,417 [INFO] CrossReferenceDbSqlite:203 - Set database path to: C:\Users\deniz.gurhan.CIZGI\.stmcufinder\plugins\mcufinder//mcu/cs/
2023-08-29 08:18:05,584 [INFO] RulesReader:64 - Compatibility file has been processed (293 Rules)
2023-08-29 08:18:05,705 [INFO] DbMcusXml:78 - Set database path to: C:\ST\STM32CubeIDE_1.11.0\STM32CubeIDE\plugins\com.st.stm32cube.common.mx_6.9.1.202307191849\\db\/mcu/
2023-08-29 08:18:05,705 [INFO] ApiDb:274 - Set plugin database path to: C:\ST\STM32CubeIDE_1.11.0\STM32CubeIDE\plugins\com.st.stm32cube.common.mx_6.9.1.202307191849\\db\/plugins/boardmanager/
2023-08-29 08:18:05,705 [INFO] ApiDb:261 - Set plugin images path to: C:\ST\STM32CubeIDE_1.11.0\STM32CubeIDE\plugins\com.st.stm32cube.common.mx_6.9.1.202307191849\\db\/plugins/mcufinder/images/
2023-08-29 08:18:05,705 [WARN] DbFile:41 - Overriding database path with different value: C:\Users\deniz.gurhan.CIZGI\.stmcufinder\plugins\mcufinder/ => C:\Users\deniz.gurhan.CIZGI\.stmcufinder\plugins\mcufinder
2023-08-29 08:18:05,706 [INFO] ApiDb:250 - Set database path to: C:\Users\deniz.gurhan.CIZGI\.stmcufinder\plugins\mcufinder//mcu/
2023-08-29 08:18:05,706 [WARN] DbFile:41 - Overriding database path with different value: C:\Users\deniz.gurhan.CIZGI\.stmcufinder\plugins\mcufinder/ => C:\Users\deniz.gurhan.CIZGI\.stmcufinder\plugins\mcufinder
2023-08-29 08:18:05,706 [INFO] DbMcusAds:125 - Set database path to: C:\Users\deniz.gurhan.CIZGI\.stmcufinder\plugins\mcufinder//mcu/
2023-08-29 08:18:05,706 [WARN] DbFile:41 - Overriding database path with different value: C:\Users\deniz.gurhan.CIZGI\.stmcufinder\plugins\mcufinder/ => C:\Users\deniz.gurhan.CIZGI\.stmcufinder\plugins\mcufinder
2023-08-29 08:18:05,706 [WARN] DbFile:41 - Overriding database path with different value: C:\Users\deniz.gurhan.CIZGI\.stmcufinder\plugins\mcufinder/ => C:\Users\deniz.gurhan.CIZGI\.stmcufinder\plugins\mcufinder
2023-08-29 08:18:05,706 [INFO] CrossReferenceDbSqlite:203 - Set database path to: C:\Users\deniz.gurhan.CIZGI\.stmcufinder\plugins\mcufinder//mcu/cs/
2023-08-29 08:18:05,828 [INFO] MainPanel:262 - HeapMemory: 268435456
2023-08-29 08:18:05,954 [INFO] DbMcusXml:78 - Set database path to: C:\ST\STM32CubeIDE_1.11.0\STM32CubeIDE\plugins\com.st.stm32cube.common.mx_6.9.1.202307191849\\db\/mcu/
2023-08-29 08:18:05,954 [INFO] ApiDb:274 - Set plugin database path to: C:\ST\STM32CubeIDE_1.11.0\STM32CubeIDE\plugins\com.st.stm32cube.common.mx_6.9.1.202307191849\\db\/plugins/boardmanager/
2023-08-29 08:18:05,954 [INFO] ApiDb:261 - Set plugin images path to: C:\ST\STM32CubeIDE_1.11.0\STM32CubeIDE\plugins\com.st.stm32cube.common.mx_6.9.1.202307191849\\db\/plugins/mcufinder/images/
2023-08-29 08:18:05,955 [WARN] DbFile:41 - Overriding database path with different value: C:\Users\deniz.gurhan.CIZGI\.stmcufinder\plugins\mcufinder/ => C:\Users\deniz.gurhan.CIZGI\.stmcufinder\plugins\mcufinder
2023-08-29 08:18:05,955 [INFO] ApiDb:250 - Set database path to: C:\Users\deniz.gurhan.CIZGI\.stmcufinder\plugins\mcufinder//mcu/
2023-08-29 08:18:05,955 [WARN] DbFile:41 - Overriding database path with different value: C:\Users\deniz.gurhan.CIZGI\.stmcufinder\plugins\mcufinder/ => C:\Users\deniz.gurhan.CIZGI\.stmcufinder\plugins\mcufinder
2023-08-29 08:18:05,956 [INFO] DbMcusAds:125 - Set database path to: C:\Users\deniz.gurhan.CIZGI\.stmcufinder\plugins\mcufinder//mcu/
2023-08-29 08:18:05,956 [WARN] DbFile:41 - Overriding database path with different value: C:\Users\deniz.gurhan.CIZGI\.stmcufinder\plugins\mcufinder/ => C:\Users\deniz.gurhan.CIZGI\.stmcufinder\plugins\mcufinder
2023-08-29 08:18:05,956 [WARN] DbFile:41 - Overriding database path with different value: C:\Users\deniz.gurhan.CIZGI\.stmcufinder\plugins\mcufinder/ => C:\Users\deniz.gurhan.CIZGI\.stmcufinder\plugins\mcufinder
2023-08-29 08:18:05,956 [INFO] CrossReferenceDbSqlite:203 - Set database path to: C:\Users\deniz.gurhan.CIZGI\.stmcufinder\plugins\mcufinder//mcu/cs/
2023-08-29 08:18:05,981 [INFO] ApplicationProperties:184 - Using Application install path: C:\ST\STM32CubeIDE_1.11.0\STM32CubeIDE\plugins\com.st.stm32cube.common.mx_6.9.1.202307191849
2023-08-29 08:18:05,983 [INFO] PluginManage:196 - Search for loadable plugins [exclusion list=, ]
2023-08-29 08:18:05,984 [INFO] PluginManage:310 - Check plugin analytics
2023-08-29 08:18:10,782 [INFO] AnalyticsPlugin:253 - Accepted Software Licenses: 
2023-08-29 08:18:10,782 [INFO] AnalyticsPlugin:255 - Accepted CMSIS Pack Licenses: 
2023-08-29 08:18:10,782 [INFO] AnalyticsPlugin:257 - Accepted Firmware Licenses: 
2023-08-29 08:18:10,785 [INFO] PluginManage:359 - Loaded plugin analytics (category:tool,tabindex:-1)
2023-08-29 08:18:10,786 [INFO] PluginManage:310 - Check plugin cadmodel
2023-08-29 08:18:10,802 [INFO] CADModel:105 - Init CAD model plugin
2023-08-29 08:18:10,803 [INFO] PluginManage:359 - Loaded plugin cadmodel (category:power,tabindex:5)
2023-08-29 08:18:10,803 [INFO] PluginManage:310 - Check plugin clock
2023-08-29 08:18:10,825 [INFO] PluginManage:359 - Loaded plugin clock (category:base,tabindex:2)
2023-08-29 08:18:10,825 [INFO] PluginManage:310 - Check plugin ddr
2023-08-29 08:18:10,827 [INFO] PluginManage:359 - Loaded plugin ddr (category:tool,tabindex:6)
2023-08-29 08:18:10,827 [INFO] PluginManage:310 - Check plugin filemanager
2023-08-29 08:18:10,986 [INFO] PluginManage:359 - Loaded plugin filemanager (category:base,tabindex:10)
2023-08-29 08:18:10,986 [INFO] PluginManage:310 - Check plugin ipmanager
2023-08-29 08:18:10,997 [INFO] PluginManage:359 - Loaded plugin ipmanager (category:base,tabindex:5)
2023-08-29 08:18:10,997 [INFO] PluginManage:310 - Check plugin lpbam
2023-08-29 08:18:11,019 [INFO] PluginManage:359 - Loaded plugin lpbam (category:base,tabindex:0)
2023-08-29 08:18:11,020 [INFO] PluginManage:310 - Check plugin memorymap
2023-08-29 08:18:11,048 [INFO] PluginManage:359 - Loaded plugin memorymap (category:base,tabindex:4)
2023-08-29 08:18:11,049 [INFO] PluginManage:310 - Check plugin pinoutandconfiguration
2023-08-29 08:18:11,074 [INFO] PluginManage:359 - Loaded plugin pinoutandconfiguration (category:base,tabindex:1)
2023-08-29 08:18:11,074 [INFO] PluginManage:310 - Check plugin pinoutconfig
2023-08-29 08:18:11,208 [WARN] SupportedApi:132 - Cannot load RTOS API schema: s4s-elt-must-match.1: The content of 'definitions' must match (annotation?, (simpleType | complexType)?, (unique | key | keyref)*)). A problem was found starting at: attribute.
2023-08-29 08:18:11,377 [INFO] PluginManage:359 - Loaded plugin pinoutconfig (category:base,tabindex:0)
2023-08-29 08:18:11,378 [INFO] PluginManage:310 - Check plugin power
2023-08-29 08:18:11,409 [INFO] PluginManage:359 - Loaded plugin power (category:power,tabindex:4)
2023-08-29 08:18:11,409 [INFO] PluginManage:310 - Check plugin projectmanager
2023-08-29 08:18:11,437 [INFO] PluginManage:359 - Loaded plugin projectmanager (category:projectmanager,tabindex:3)
2023-08-29 08:18:11,437 [INFO] PluginManage:310 - Check plugin thirdparty
2023-08-29 08:18:11,894 [INFO] PluginManage:359 - Loaded plugin thirdparty (category:base,tabindex:-1)
2023-08-29 08:18:11,894 [WARN] IntegrityCheckThread:84 - waiting for thirdparty lock release [integrity check]
2023-08-29 08:18:11,894 [INFO] PluginManage:310 - Check plugin tools
2023-08-29 08:18:11,895 [INFO] IntegrityCheckThread:86 - entering critical section [integrity check]
2023-08-29 08:18:11,895 [INFO] ThirdPartyUpdaterWithRetryManager:70 - Updater plugin not ready yet. [1/15]
2023-08-29 08:18:11,949 [INFO] PluginManage:359 - Loaded plugin tools (category:base,tabindex:7)
2023-08-29 08:18:11,949 [INFO] PluginManage:310 - Check plugin tutovideos
2023-08-29 08:18:12,225 [INFO] PluginManage:359 - Loaded plugin tutovideos (category:base,tabindex:-1)
2023-08-29 08:18:12,226 [INFO] PluginManage:310 - Check plugin updater
2023-08-29 08:18:12,238 [INFO] PluginManage:359 - Loaded plugin updater (category:base,tabindex:12)
2023-08-29 08:18:12,239 [INFO] PluginManage:310 - Check plugin userauth
2023-08-29 08:18:12,246 [INFO] UserAuth:113 - Init User Auth plugin
2023-08-29 08:18:12,246 [INFO] PluginManage:359 - Loaded plugin userauth (category:base,tabindex:14)
2023-08-29 08:18:12,247 [INFO] PluginManage:283 - PluginManage : Loaded plugins [17]
2023-08-29 08:18:12,552 [INFO] PinOutPanel:1499 - setPackage(No Configuration,No Configuration)
2023-08-29 08:18:12,719 [INFO] CADModel:165 - CPN selected for project level
2023-08-29 08:18:12,719 [INFO] CADModel:114 - Register for checkConnection events
2023-08-29 08:18:12,756 [INFO] IPUIPlugin:80 - create IPUIPlugin
2023-08-29 08:18:12,756 [INFO] PluginManager:220 - loadIPPluginJar : add adc
2023-08-29 08:18:12,808 [INFO] IPUIPlugin:80 - create IPUIPlugin
2023-08-29 08:18:12,808 [INFO] PluginManager:220 - loadIPPluginJar : add aes
2023-08-29 08:18:12,872 [INFO] IPUIPlugin:80 - create IPUIPlugin
2023-08-29 08:18:12,872 [INFO] PluginManager:220 - loadIPPluginJar : add can
2023-08-29 08:18:12,908 [INFO] IPUIPlugin:80 - create IPUIPlugin
2023-08-29 08:18:12,908 [INFO] PluginManager:220 - loadIPPluginJar : add comp
2023-08-29 08:18:12,956 [INFO] IPUIPlugin:80 - create IPUIPlugin
2023-08-29 08:18:12,956 [INFO] PluginManager:220 - loadIPPluginJar : add cryp
2023-08-29 08:18:12,998 [INFO] IPUIPlugin:80 - create IPUIPlugin
2023-08-29 08:18:12,999 [INFO] PluginManager:220 - loadIPPluginJar : add dfsdm
2023-08-29 08:18:13,018 [INFO] IPUIPlugin:80 - create IPUIPlugin
2023-08-29 08:18:13,019 [INFO] PluginManager:220 - loadIPPluginJar : add dma
2023-08-29 08:18:13,077 [INFO] IPUIPlugin:80 - create IPUIPlugin
2023-08-29 08:18:13,078 [INFO] PluginManager:220 - loadIPPluginJar : add dma3
2023-08-29 08:18:13,109 [INFO] IPUIPlugin:80 - create IPUIPlugin
2023-08-29 08:18:13,109 [INFO] PluginManager:220 - loadIPPluginJar : add fatfs
2023-08-29 08:18:13,173 [INFO] IPUIPlugin:80 - create IPUIPlugin
2023-08-29 08:18:13,174 [INFO] PluginManager:220 - loadIPPluginJar : add fmc
2023-08-29 08:18:13,197 [INFO] IPUIPlugin:80 - create IPUIPlugin
2023-08-29 08:18:13,198 [INFO] PluginManager:220 - loadIPPluginJar : add freertos
2023-08-29 08:18:13,227 [INFO] IPUIPlugin:80 - create IPUIPlugin
2023-08-29 08:18:13,227 [INFO] PluginManager:220 - loadIPPluginJar : add genericplugin
2023-08-29 08:18:13,350 [INFO] IPUIPlugin:80 - create IPUIPlugin
2023-08-29 08:18:13,350 [INFO] PluginManager:220 - loadIPPluginJar : add gfxmmu
2023-08-29 08:18:13,518 [INFO] IPUIPlugin:80 - create IPUIPlugin
2023-08-29 08:18:13,518 [INFO] PluginManager:220 - loadIPPluginJar : add gic
2023-08-29 08:18:13,538 [INFO] IPUIPlugin:80 - create IPUIPlugin
2023-08-29 08:18:13,538 [INFO] PluginManager:220 - loadIPPluginJar : add gpio
2023-08-29 08:18:13,651 [INFO] IPUIPlugin:80 - create IPUIPlugin
2023-08-29 08:18:13,652 [INFO] PluginManager:220 - loadIPPluginJar : add gtzc
2023-08-29 08:18:13,696 [INFO] IPUIPlugin:80 - create IPUIPlugin
2023-08-29 08:18:13,696 [INFO] PluginManager:220 - loadIPPluginJar : add hash
2023-08-29 08:18:13,760 [INFO] IPUIPlugin:80 - create IPUIPlugin
2023-08-29 08:18:13,760 [INFO] PluginManager:220 - loadIPPluginJar : add i2c
2023-08-29 08:18:13,811 [INFO] IPUIPlugin:80 - create IPUIPlugin
2023-08-29 08:18:13,812 [INFO] PluginManager:220 - loadIPPluginJar : add i2s
2023-08-29 08:18:13,865 [INFO] IPUIPlugin:80 - create IPUIPlugin
2023-08-29 08:18:13,865 [INFO] PluginManager:220 - loadIPPluginJar : add i3c
2023-08-29 08:18:14,007 [INFO] IPUIPlugin:80 - create IPUIPlugin
2023-08-29 08:18:14,007 [INFO] PluginManager:220 - loadIPPluginJar : add ipddr
2023-08-29 08:18:14,122 [INFO] IPUIPlugin:80 - create IPUIPlugin
2023-08-29 08:18:14,122 [INFO] PluginManager:220 - loadIPPluginJar : add linkedlist
2023-08-29 08:18:14,166 [INFO] IPUIPlugin:80 - create IPUIPlugin
2023-08-29 08:18:14,166 [INFO] PluginManager:220 - loadIPPluginJar : add lorawan
2023-08-29 08:18:14,217 [INFO] IPUIPlugin:80 - create IPUIPlugin
2023-08-29 08:18:14,217 [INFO] PluginManager:220 - loadIPPluginJar : add ltdc
2023-08-29 08:18:14,239 [INFO] IPUIPlugin:80 - create IPUIPlugin
2023-08-29 08:18:14,239 [INFO] PluginManager:220 - loadIPPluginJar : add mdma
2023-08-29 08:18:14,255 [INFO] IPUIPlugin:80 - create IPUIPlugin
2023-08-29 08:18:14,256 [INFO] PluginManager:220 - loadIPPluginJar : add nvic
2023-08-29 08:18:14,300 [INFO] IPUIPlugin:80 - create IPUIPlugin
2023-08-29 08:18:14,300 [INFO] PluginManager:220 - loadIPPluginJar : add opamp
2023-08-29 08:18:14,374 [INFO] IPUIPlugin:80 - create IPUIPlugin
2023-08-29 08:18:14,374 [INFO] PluginManager:220 - loadIPPluginJar : add openamp
2023-08-29 08:18:14,426 [INFO] IPUIPlugin:80 - create IPUIPlugin
2023-08-29 08:18:14,426 [INFO] PluginManager:220 - loadIPPluginJar : add pdm2pcm
2023-08-29 08:18:14,445 [INFO] IPUIPlugin:80 - create IPUIPlugin
2023-08-29 08:18:14,448 [INFO] PluginManager:220 - loadIPPluginJar : add plateformsettings
2023-08-29 08:18:14,479 [INFO] IPUIPlugin:80 - create IPUIPlugin
2023-08-29 08:18:14,480 [INFO] PluginManager:220 - loadIPPluginJar : add quadspi
2023-08-29 08:18:14,500 [INFO] IPUIPlugin:80 - create IPUIPlugin
2023-08-29 08:18:14,500 [INFO] PluginManager:220 - loadIPPluginJar : add resmgrutility
2023-08-29 08:18:14,567 [INFO] IPUIPlugin:80 - create IPUIPlugin
2023-08-29 08:18:14,567 [INFO] PluginManager:220 - loadIPPluginJar : add sai
2023-08-29 08:18:14,621 [INFO] IPUIPlugin:80 - create IPUIPlugin
2023-08-29 08:18:14,621 [INFO] PluginManager:220 - loadIPPluginJar : add spi
2023-08-29 08:18:14,717 [INFO] IPUIPlugin:80 - create IPUIPlugin
2023-08-29 08:18:14,717 [INFO] PluginManager:220 - loadIPPluginJar : add stm32_wpan
2023-08-29 08:18:14,752 [INFO] IPUIPlugin:80 - create IPUIPlugin
2023-08-29 08:18:14,752 [INFO] PluginManager:220 - loadIPPluginJar : add tim
2023-08-29 08:18:14,826 [INFO] IPUIPlugin:80 - create IPUIPlugin
2023-08-29 08:18:14,826 [INFO] PluginManager:220 - loadIPPluginJar : add touchsensing
2023-08-29 08:18:14,860 [INFO] IPUIPlugin:80 - create IPUIPlugin
2023-08-29 08:18:14,860 [INFO] PluginManager:220 - loadIPPluginJar : add tracer_emb
2023-08-29 08:18:14,891 [INFO] IPUIPlugin:80 - create IPUIPlugin
2023-08-29 08:18:14,892 [INFO] PluginManager:220 - loadIPPluginJar : add ts
2023-08-29 08:18:14,897 [INFO] ThirdPartyUpdaterWithRetryManager:70 - Updater plugin not ready yet. [2/15]
2023-08-29 08:18:14,921 [INFO] IPUIPlugin:80 - create IPUIPlugin
2023-08-29 08:18:14,921 [INFO] PluginManager:220 - loadIPPluginJar : add tsc
2023-08-29 08:18:14,949 [INFO] IPUIPlugin:80 - create IPUIPlugin
2023-08-29 08:18:14,949 [INFO] PluginManager:220 - loadIPPluginJar : add ucpd
2023-08-29 08:18:15,008 [INFO] IPUIPlugin:80 - create IPUIPlugin
2023-08-29 08:18:15,008 [INFO] PluginManager:220 - loadIPPluginJar : add usart
2023-08-29 08:18:15,068 [INFO] IPUIPlugin:80 - create IPUIPlugin
2023-08-29 08:18:15,068 [INFO] PluginManager:220 - loadIPPluginJar : add usbx
2023-08-29 08:18:15,213 [INFO] CADModel:165 - CPN selected for project level
2023-08-29 08:18:15,214 [INFO] CADModel:114 - Register for checkConnection events
2023-08-29 08:18:15,214 [FATAL] Updater:308 - Updater called before beeing initialized
2023-08-29 08:18:15,214 [ERROR] CADModel:125 - Updater not yet initialized, retry later 
2023-08-29 08:18:15,384 [INFO] CADModel:165 - CPN selected for project level
2023-08-29 08:18:15,384 [INFO] CADModel:114 - Register for checkConnection events
2023-08-29 08:18:15,384 [FATAL] Updater:308 - Updater called before beeing initialized
2023-08-29 08:18:15,384 [ERROR] CADModel:125 - Updater not yet initialized, retry later 
2023-08-29 08:18:15,388 [FATAL] Updater:308 - Updater called before beeing initialized
2023-08-29 08:18:15,524 [FATAL] Updater:308 - Updater called before beeing initialized
2023-08-29 08:18:15,538 [INFO] DbMcusAds:53 - JSON generation date=Tue Mar 07 11:50:55 TRT 2023 (1678179055114)
2023-08-29 08:18:15,538 [FATAL] Updater:308 - Updater called before beeing initialized
2023-08-29 08:18:15,647 [WARN] DetailPanel:346 - Failed to get advertising image, set to default
2023-08-29 08:18:15,781 [FATAL] Updater:308 - Updater called before beeing initialized
2023-08-29 08:18:15,784 [FATAL] Updater:308 - Updater called before beeing initialized
2023-08-29 08:18:15,784 [FATAL] Updater:308 - Updater called before beeing initialized
2023-08-29 08:18:15,784 [WARN] DetailPanel:346 - Failed to get advertising image, set to default
2023-08-29 08:18:15,785 [FATAL] Updater:308 - Updater called before beeing initialized
2023-08-29 08:18:15,874 [ERROR] Updater:1120 - MainUpdater not yet initialized. External WinMGr cannot be set.
2023-08-29 08:18:15,888 [INFO] Updater:1056 - Updater Version found : 6.9.1
2023-08-29 08:18:15,911 [INFO] ApplicationProperties:184 - Using Application install path: C:\ST\STM32CubeIDE_1.11.0\STM32CubeIDE\plugins\com.st.stm32cube.common.mx_6.9.1.202307191849
2023-08-29 08:18:16,502 [INFO] MainUpdater:2868 - connection check result : 10
2023-08-29 08:18:16,503 [INFO] MainUpdater:285 - Updater Check For Update Now.
2023-08-29 08:18:16,503 [INFO] MicroXplorer:498 - Change Database Version : DB.6.0.91
2023-08-29 08:18:16,525 [INFO] McuFinderGlobals:63 - Set McuFinder mode to 2 (CubeIDE integrated)
2023-08-29 08:18:16,771 [INFO] CheckServerUpdateThread:120 - End of CheckServer Thread
2023-08-29 08:18:18,083 [WARN] PackLoader:240 - Cannot read IP mode file for STMicroelectronics.X-CUBE-SMBUS.2.1.0
2023-08-29 08:18:18,152 [WARN] PackLoader:240 - Cannot read IP mode file for STMicroelectronics.X-CUBE-AZRTOS-F7.1.1.0
2023-08-29 08:18:18,176 [WARN] PackLoader:240 - Cannot read IP mode file for STMicroelectronics.FP-SNS-MOTENV1.4.3.2
2023-08-29 08:18:18,200 [WARN] PackLoader:240 - Cannot read IP mode file for STMicroelectronics.X-CUBE-BLE1.6.2.4
2023-08-29 08:18:18,217 [WARN] PackLoader:240 - Cannot read IP mode file for STMicroelectronics.FP-SNS-FLIGHT1.5.0.2
2023-08-29 08:18:18,247 [WARN] PackLoader:240 - Cannot read IP mode file for STMicroelectronics.X-CUBE-DISPLAY.3.0.0
2023-08-29 08:18:18,279 [WARN] PackLoader:240 - Cannot read IP mode file for STMicroelectronics.X-CUBE-BLE1.7.0.0
2023-08-29 08:18:18,302 [WARN] PackLoader:240 - Cannot read IP mode file for emotas.I-CUBE-CANOPEN.1.3.0
2023-08-29 08:18:18,324 [WARN] PackLoader:240 - Cannot read IP mode file for STMicroelectronics.X-CUBE-TOUCHGFX.4.22.0
2023-08-29 08:18:18,357 [INFO] LogOutputStream:77 - [STDOUT_REDIRECT] 1 : Invalid condition id : UX_CORESTACK_Condition cause : null
2023-08-29 08:18:18,358 [INFO] LogOutputStream:77 - [STDOUT_REDIRECT] 1 : Invalid condition id : UX_CORESTACK_Condition cause : null
2023-08-29 08:18:18,360 [INFO] LogOutputStream:77 - [STDOUT_REDIRECT] 1 : Invalid condition id : UX_CORESTACK_Condition cause : null
2023-08-29 08:18:18,364 [INFO] LogOutputStream:77 - [STDOUT_REDIRECT] 1 : Invalid condition id : UX_CORESTACK_Condition cause : null
2023-08-29 08:18:18,366 [INFO] LogOutputStream:77 - [STDOUT_REDIRECT] 1 : Invalid condition id : UX_CORESTACK_Condition cause : null
2023-08-29 08:18:18,374 [WARN] PackLoader:240 - Cannot read IP mode file for STMicroelectronics.X-CUBE-AZRTOS-WL.2.0.0
2023-08-29 08:18:18,405 [WARN] PackLoader:240 - Cannot read IP mode file for WES.I-CUBE-Cesium.1.3.0
2023-08-29 08:18:18,425 [WARN] PackLoader:240 - Cannot read IP mode file for STMicroelectronics.X-CUBE-BLE2.3.3.0
2023-08-29 08:18:18,451 [WARN] PackLoader:240 - Cannot read IP mode file for STMicroelectronics.X-CUBE-ALGOBUILD.1.3.0
2023-08-29 08:18:18,505 [WARN] PackLoader:240 - Cannot read IP mode file for STMicroelectronics.X-CUBE-AZRTOS-G0.1.1.0
2023-08-29 08:18:18,533 [WARN] PackLoader:240 - Cannot read IP mode file for STMicroelectronics.X-CUBE-NFC4.3.0.0
2023-08-29 08:18:18,551 [WARN] PackLoader:240 - Cannot read IP mode file for STMicroelectronics.FP-ATR-SIGFOX1.3.2.0
2023-08-29 08:18:18,607 [WARN] PackLoader:240 - Cannot read IP mode file for SEGGER.I-CUBE-embOS.1.3.1
2023-08-29 08:18:18,702 [WARN] PackLoader:240 - Cannot read IP mode file for STMicroelectronics.X-CUBE-GNSS1.6.0.0
2023-08-29 08:18:18,756 [WARN] PackLoader:240 - Cannot read IP mode file for STMicroelectronics.X-CUBE-AZRTOS-F4.1.1.0
2023-08-29 08:18:18,781 [WARN] PackLoader:240 - Cannot read IP mode file for wolfSSL.I-CUBE-wolfSSL.5.6.3
2023-08-29 08:18:18,845 [WARN] PackLoader:240 - Cannot read IP mode file for STMicroelectronics.X-CUBE-AZRTOS-L5.2.0.0
2023-08-29 08:18:18,953 [WARN] PackLoader:240 - Cannot read IP mode file for STMicroelectronics.X-CUBE-MEMS1.9.6.0
2023-08-29 08:18:19,310 [WARN] PackLoader:240 - Cannot read IP mode file for STMicroelectronics.X-CUBE-BLEMGR.2.0.0
2023-08-29 08:18:19,381 [WARN] ConditionMgr:438 - getConditionDescription Invalid condition id : UX DEVICE CLASS RTOS Condition cause : null
2023-08-29 08:18:19,381 [WARN] ConditionMgr:438 - getConditionDescription Invalid condition id : UX DEVICE CLASS RTOS Condition cause : null
2023-08-29 08:18:19,390 [WARN] PackLoader:240 - Cannot read IP mode file for STMicroelectronics.X-CUBE-AZRTOS-H7.3.1.0
2023-08-29 08:18:19,392 [WARN] ConditionMgr:1039 - genDependencies : Invalid condition id : UX DEVICE CLASS RTOS Condition cause : null
2023-08-29 08:18:19,393 [WARN] ConditionMgr:1039 - genDependencies : Invalid condition id : UX DEVICE CLASS RTOS Condition cause : null
2023-08-29 08:18:19,394 [WARN] ConditionMgr:1039 - genDependencies : Invalid condition id : UX DEVICE CLASS RTOS Condition cause : null
2023-08-29 08:18:19,395 [WARN] ConditionMgr:1039 - genDependencies : Invalid condition id : UX DEVICE CLASS RTOS Condition cause : null
2023-08-29 08:18:19,396 [WARN] ConditionMgr:1039 - genDependencies : Invalid condition id : UX DEVICE CLASS RTOS Condition cause : null
2023-08-29 08:18:19,433 [WARN] PackLoader:240 - Cannot read IP mode file for STMicroelectronics.X-CUBE-NFC7.1.0.1
2023-08-29 08:18:19,466 [WARN] PackLoader:240 - Cannot read IP mode file for STMicroelectronics.X-CUBE-EEPRMA1.4.1.0
2023-08-29 08:18:19,503 [WARN] PackLoader:240 - Cannot read IP mode file for STMicroelectronics.X-CUBE-AI.8.1.0
2023-08-29 08:18:19,639 [WARN] ConditionMgr:438 - getConditionDescription Invalid condition id : LAN8742 Phy interface Condition cause : null
2023-08-29 08:18:19,640 [WARN] PackLoader:240 - Cannot read IP mode file for STMicroelectronics.X-CUBE-AZRTOS-L4.2.0.0
2023-08-29 08:18:19,649 [WARN] ConditionMgr:1039 - genDependencies : Invalid condition id : LAN8742 Phy interface Condition cause : null
2023-08-29 08:18:19,650 [WARN] ConditionMgr:1039 - genDependencies : Invalid condition id : LAN8742 Phy interface Condition cause : null
2023-08-29 08:18:19,651 [WARN] ConditionMgr:1039 - genDependencies : Invalid condition id : LAN8742 Phy interface Condition cause : null
2023-08-29 08:18:19,685 [WARN] PackLoader:240 - Cannot read IP mode file for STMicroelectronics.X-CUBE-SFXS2LP1.4.0.0
2023-08-29 08:18:19,710 [WARN] PackLoader:240 - Cannot read IP mode file for STMicroelectronics.X-CUBE-ISPU.1.1.0
2023-08-29 08:18:19,754 [WARN] ConditionMgr:438 - getConditionDescription Invalid condition id : UX DEVICE CLASS RTOS Condition cause : null
2023-08-29 08:18:19,754 [WARN] ConditionMgr:438 - getConditionDescription Invalid condition id : UX DEVICE CLASS RTOS Condition cause : null
2023-08-29 08:18:19,757 [WARN] PackLoader:240 - Cannot read IP mode file for STMicroelectronics.X-CUBE-AZRTOS-WB.2.0.0
2023-08-29 08:18:19,758 [WARN] ConditionMgr:1039 - genDependencies : Invalid condition id : UX DEVICE CLASS RTOS Condition cause : null
2023-08-29 08:18:19,758 [WARN] ConditionMgr:1039 - genDependencies : Invalid condition id : UX DEVICE CLASS RTOS Condition cause : null
2023-08-29 08:18:19,758 [WARN] ConditionMgr:1039 - genDependencies : Invalid condition id : UX DEVICE CLASS RTOS Condition cause : null
2023-08-29 08:18:19,759 [WARN] ConditionMgr:1039 - genDependencies : Invalid condition id : UX DEVICE CLASS RTOS Condition cause : null
2023-08-29 08:18:19,759 [WARN] ConditionMgr:1039 - genDependencies : Invalid condition id : UX DEVICE CLASS RTOS Condition cause : null
2023-08-29 08:18:19,784 [WARN] PackLoader:240 - Cannot read IP mode file for STMicroelectronics.X-CUBE-FREERTOS.1.0.1
2023-08-29 08:18:19,824 [WARN] PackLoader:240 - Cannot read IP mode file for STMicroelectronics.X-CUBE-AZRTOS-L5.1.1.0
2023-08-29 08:18:19,861 [WARN] PackLoader:240 - Cannot read IP mode file for STMicroelectronics.X-CUBE-SUBG2.5.0.0
2023-08-29 08:18:19,904 [WARN] PackLoader:240 - Cannot read IP mode file for STMicroelectronics.X-CUBE-TOF1.3.3.1
2023-08-29 08:18:19,967 [WARN] PackLoader:240 - Cannot read IP mode file for STMicroelectronics.X-CUBE-AZRTOS-G4.2.0.0
2023-08-29 08:18:19,990 [WARN] PackLoader:240 - Cannot read IP mode file for STMicroelectronics.X-CUBE-FREERTOS.1.1.0
2023-08-29 08:18:20,017 [WARN] PackLoader:240 - Cannot read IP mode file for portGmbH.I-Cube-SoM-uGOAL.1.1.0
2023-08-29 08:18:20,042 [WARN] PackLoader:240 - Cannot read IP mode file for STMicroelectronics.X-CUBE-ALS.1.0.1
2023-08-29 08:18:20,085 [WARN] PackLoader:240 - Cannot read IP mode file for STMicroelectronics.X-CUBE-AZRTOS-WB.1.1.0
2023-08-29 08:18:20,107 [WARN] PackLoader:240 - Cannot read IP mode file for STMicroelectronics.FP-ATR-ASTRA1.2.0.0
2023-08-29 08:18:20,108 [INFO] ThirdParty:978 - Integrity check success = true
2023-08-29 08:18:20,108 [INFO] IntegrityCheckThread:100 - exiting critical section [integrity check]
2023-08-29 08:18:20,109 [INFO] IntegrityCheckThread:103 - End integrity checks thread
2023-08-29 08:18:37,830 [ERROR] LogOutputStream:75 - [STDERR_REDIRECT] SLF4J: Failed to load class "org.slf4j.impl.StaticLoggerBinder".
2023-08-29 08:18:37,831 [ERROR] LogOutputStream:75 - [STDERR_REDIRECT] SLF4J: Defaulting to no-operation (NOP) logger implementation
2023-08-29 08:18:37,833 [ERROR] LogOutputStream:75 - [STDERR_REDIRECT] SLF4J: See http://www.slf4j.org/codes.html#StaticLoggerBinder for further details.
2023-08-29 08:28:38,684 [INFO] Activator:176 - 


2023-08-29 08:28:38,687 [INFO] Activator:177 - !SESSION log4j initialized
2023-08-29 08:28:47,319 [INFO] LogOutputStream:77 - [STDOUT_REDIRECT] 
2023-08-29 08:28:54,560 [INFO] ApplicationProperties:184 - Using Application install path: C:\ST\STM32CubeIDE_1.11.0\STM32CubeIDE\plugins\com.st.stm32cube.common.mx_6.9.1.202307191849
2023-08-29 08:28:54,581 [INFO] DbMcusXml:78 - Set database path to: C:\ST\STM32CubeIDE_1.11.0\STM32CubeIDE\plugins\com.st.stm32cube.common.mx_6.9.1.202307191849\\db\/mcu/
2023-08-29 08:28:54,581 [INFO] ApiDb:274 - Set plugin database path to: C:\ST\STM32CubeIDE_1.11.0\STM32CubeIDE\plugins\com.st.stm32cube.common.mx_6.9.1.202307191849\\db\/plugins/boardmanager/
2023-08-29 08:28:54,581 [WARN] ApiDb:259 - Overriding images path with different value:  => C:\ST\STM32CubeIDE_1.11.0\STM32CubeIDE\plugins\com.st.stm32cube.common.mx_6.9.1.202307191849\\db\/plugins/mcufinder/images/
2023-08-29 08:28:54,593 [INFO] ApiDb:250 - Set database path to: C:\Users\deniz.gurhan.CIZGI\.stmcufinder\plugins\mcufinder//mcu/
2023-08-29 08:28:54,594 [INFO] DbMcusAds:125 - Set database path to: C:\Users\deniz.gurhan.CIZGI\.stmcufinder\plugins\mcufinder//mcu/
2023-08-29 08:28:54,597 [INFO] CrossReferenceDbSqlite:203 - Set database path to: C:\Users\deniz.gurhan.CIZGI\.stmcufinder\plugins\mcufinder//mcu/cs/
2023-08-29 08:28:54,743 [INFO] RulesReader:64 - Compatibility file has been processed (293 Rules)
2023-08-29 08:28:54,854 [INFO] DbMcusXml:78 - Set database path to: C:\ST\STM32CubeIDE_1.11.0\STM32CubeIDE\plugins\com.st.stm32cube.common.mx_6.9.1.202307191849\\db\/mcu/
2023-08-29 08:28:54,854 [INFO] ApiDb:274 - Set plugin database path to: C:\ST\STM32CubeIDE_1.11.0\STM32CubeIDE\plugins\com.st.stm32cube.common.mx_6.9.1.202307191849\\db\/plugins/boardmanager/
2023-08-29 08:28:54,855 [INFO] ApiDb:261 - Set plugin images path to: C:\ST\STM32CubeIDE_1.11.0\STM32CubeIDE\plugins\com.st.stm32cube.common.mx_6.9.1.202307191849\\db\/plugins/mcufinder/images/
2023-08-29 08:28:54,855 [WARN] DbFile:41 - Overriding database path with different value: C:\Users\deniz.gurhan.CIZGI\.stmcufinder\plugins\mcufinder/ => C:\Users\deniz.gurhan.CIZGI\.stmcufinder\plugins\mcufinder
2023-08-29 08:28:54,855 [INFO] ApiDb:250 - Set database path to: C:\Users\deniz.gurhan.CIZGI\.stmcufinder\plugins\mcufinder//mcu/
2023-08-29 08:28:54,856 [WARN] DbFile:41 - Overriding database path with different value: C:\Users\deniz.gurhan.CIZGI\.stmcufinder\plugins\mcufinder/ => C:\Users\deniz.gurhan.CIZGI\.stmcufinder\plugins\mcufinder
2023-08-29 08:28:54,856 [INFO] DbMcusAds:125 - Set database path to: C:\Users\deniz.gurhan.CIZGI\.stmcufinder\plugins\mcufinder//mcu/
2023-08-29 08:28:54,856 [WARN] DbFile:41 - Overriding database path with different value: C:\Users\deniz.gurhan.CIZGI\.stmcufinder\plugins\mcufinder/ => C:\Users\deniz.gurhan.CIZGI\.stmcufinder\plugins\mcufinder
2023-08-29 08:28:54,856 [WARN] DbFile:41 - Overriding database path with different value: C:\Users\deniz.gurhan.CIZGI\.stmcufinder\plugins\mcufinder/ => C:\Users\deniz.gurhan.CIZGI\.stmcufinder\plugins\mcufinder
2023-08-29 08:28:54,856 [INFO] CrossReferenceDbSqlite:203 - Set database path to: C:\Users\deniz.gurhan.CIZGI\.stmcufinder\plugins\mcufinder//mcu/cs/
2023-08-29 08:28:54,985 [INFO] MainPanel:262 - HeapMemory: 268435456
2023-08-29 08:28:55,088 [INFO] DbMcusXml:78 - Set database path to: C:\ST\STM32CubeIDE_1.11.0\STM32CubeIDE\plugins\com.st.stm32cube.common.mx_6.9.1.202307191849\\db\/mcu/
2023-08-29 08:28:55,088 [INFO] ApiDb:274 - Set plugin database path to: C:\ST\STM32CubeIDE_1.11.0\STM32CubeIDE\plugins\com.st.stm32cube.common.mx_6.9.1.202307191849\\db\/plugins/boardmanager/
2023-08-29 08:28:55,088 [INFO] ApiDb:261 - Set plugin images path to: C:\ST\STM32CubeIDE_1.11.0\STM32CubeIDE\plugins\com.st.stm32cube.common.mx_6.9.1.202307191849\\db\/plugins/mcufinder/images/
2023-08-29 08:28:55,089 [WARN] DbFile:41 - Overriding database path with different value: C:\Users\deniz.gurhan.CIZGI\.stmcufinder\plugins\mcufinder/ => C:\Users\deniz.gurhan.CIZGI\.stmcufinder\plugins\mcufinder
2023-08-29 08:28:55,089 [INFO] ApiDb:250 - Set database path to: C:\Users\deniz.gurhan.CIZGI\.stmcufinder\plugins\mcufinder//mcu/
2023-08-29 08:28:55,089 [WARN] DbFile:41 - Overriding database path with different value: C:\Users\deniz.gurhan.CIZGI\.stmcufinder\plugins\mcufinder/ => C:\Users\deniz.gurhan.CIZGI\.stmcufinder\plugins\mcufinder
2023-08-29 08:28:55,089 [INFO] DbMcusAds:125 - Set database path to: C:\Users\deniz.gurhan.CIZGI\.stmcufinder\plugins\mcufinder//mcu/
2023-08-29 08:28:55,089 [WARN] DbFile:41 - Overriding database path with different value: C:\Users\deniz.gurhan.CIZGI\.stmcufinder\plugins\mcufinder/ => C:\Users\deniz.gurhan.CIZGI\.stmcufinder\plugins\mcufinder
2023-08-29 08:28:55,090 [WARN] DbFile:41 - Overriding database path with different value: C:\Users\deniz.gurhan.CIZGI\.stmcufinder\plugins\mcufinder/ => C:\Users\deniz.gurhan.CIZGI\.stmcufinder\plugins\mcufinder
2023-08-29 08:28:55,090 [INFO] CrossReferenceDbSqlite:203 - Set database path to: C:\Users\deniz.gurhan.CIZGI\.stmcufinder\plugins\mcufinder//mcu/cs/
2023-08-29 08:28:55,123 [INFO] ApplicationProperties:184 - Using Application install path: C:\ST\STM32CubeIDE_1.11.0\STM32CubeIDE\plugins\com.st.stm32cube.common.mx_6.9.1.202307191849
2023-08-29 08:28:55,125 [INFO] PluginManage:196 - Search for loadable plugins [exclusion list=, ]
2023-08-29 08:28:55,127 [INFO] PluginManage:310 - Check plugin analytics
2023-08-29 08:28:59,881 [INFO] AnalyticsPlugin:253 - Accepted Software Licenses: 
2023-08-29 08:28:59,881 [INFO] AnalyticsPlugin:255 - Accepted CMSIS Pack Licenses: 
2023-08-29 08:28:59,881 [INFO] AnalyticsPlugin:257 - Accepted Firmware Licenses: 
2023-08-29 08:28:59,885 [INFO] PluginManage:359 - Loaded plugin analytics (category:tool,tabindex:-1)
2023-08-29 08:28:59,885 [INFO] PluginManage:310 - Check plugin cadmodel
2023-08-29 08:28:59,889 [INFO] CADModel:105 - Init CAD model plugin
2023-08-29 08:28:59,889 [INFO] PluginManage:359 - Loaded plugin cadmodel (category:power,tabindex:5)
2023-08-29 08:28:59,890 [INFO] PluginManage:310 - Check plugin clock
2023-08-29 08:28:59,900 [INFO] PluginManage:359 - Loaded plugin clock (category:base,tabindex:2)
2023-08-29 08:28:59,900 [INFO] PluginManage:310 - Check plugin ddr
2023-08-29 08:28:59,903 [INFO] PluginManage:359 - Loaded plugin ddr (category:tool,tabindex:6)
2023-08-29 08:28:59,903 [INFO] PluginManage:310 - Check plugin filemanager
2023-08-29 08:29:00,060 [INFO] PluginManage:359 - Loaded plugin filemanager (category:base,tabindex:10)
2023-08-29 08:29:00,060 [INFO] PluginManage:310 - Check plugin ipmanager
2023-08-29 08:29:00,067 [INFO] PluginManage:359 - Loaded plugin ipmanager (category:base,tabindex:5)
2023-08-29 08:29:00,068 [INFO] PluginManage:310 - Check plugin lpbam
2023-08-29 08:29:00,076 [INFO] PluginManage:359 - Loaded plugin lpbam (category:base,tabindex:0)
2023-08-29 08:29:00,076 [INFO] PluginManage:310 - Check plugin memorymap
2023-08-29 08:29:00,089 [INFO] PluginManage:359 - Loaded plugin memorymap (category:base,tabindex:4)
2023-08-29 08:29:00,089 [INFO] PluginManage:310 - Check plugin pinoutandconfiguration
2023-08-29 08:29:00,098 [INFO] PluginManage:359 - Loaded plugin pinoutandconfiguration (category:base,tabindex:1)
2023-08-29 08:29:00,099 [INFO] PluginManage:310 - Check plugin pinoutconfig
2023-08-29 08:29:00,201 [WARN] SupportedApi:132 - Cannot load RTOS API schema: s4s-elt-must-match.1: The content of 'definitions' must match (annotation?, (simpleType | complexType)?, (unique | key | keyref)*)). A problem was found starting at: attribute.
2023-08-29 08:29:00,349 [INFO] PluginManage:359 - Loaded plugin pinoutconfig (category:base,tabindex:0)
2023-08-29 08:29:00,349 [INFO] PluginManage:310 - Check plugin power
2023-08-29 08:29:00,360 [INFO] PluginManage:359 - Loaded plugin power (category:power,tabindex:4)
2023-08-29 08:29:00,360 [INFO] PluginManage:310 - Check plugin projectmanager
2023-08-29 08:29:00,380 [INFO] PluginManage:359 - Loaded plugin projectmanager (category:projectmanager,tabindex:3)
2023-08-29 08:29:00,380 [INFO] PluginManage:310 - Check plugin thirdparty
2023-08-29 08:29:00,528 [INFO] PluginManage:359 - Loaded plugin thirdparty (category:base,tabindex:-1)
2023-08-29 08:29:00,528 [WARN] IntegrityCheckThread:84 - waiting for thirdparty lock release [integrity check]
2023-08-29 08:29:00,529 [INFO] PluginManage:310 - Check plugin tools
2023-08-29 08:29:00,529 [INFO] IntegrityCheckThread:86 - entering critical section [integrity check]
2023-08-29 08:29:00,529 [INFO] ThirdPartyUpdaterWithRetryManager:70 - Updater plugin not ready yet. [1/15]
2023-08-29 08:29:00,532 [INFO] PluginManage:359 - Loaded plugin tools (category:base,tabindex:7)
2023-08-29 08:29:00,532 [INFO] PluginManage:310 - Check plugin tutovideos
2023-08-29 08:29:00,758 [INFO] PluginManage:359 - Loaded plugin tutovideos (category:base,tabindex:-1)
2023-08-29 08:29:00,759 [INFO] PluginManage:310 - Check plugin updater
2023-08-29 08:29:00,773 [INFO] PluginManage:359 - Loaded plugin updater (category:base,tabindex:12)
2023-08-29 08:29:00,773 [INFO] PluginManage:310 - Check plugin userauth
2023-08-29 08:29:00,780 [INFO] UserAuth:113 - Init User Auth plugin
2023-08-29 08:29:00,780 [INFO] PluginManage:359 - Loaded plugin userauth (category:base,tabindex:14)
2023-08-29 08:29:00,780 [INFO] PluginManage:283 - PluginManage : Loaded plugins [17]
2023-08-29 08:29:01,042 [INFO] PinOutPanel:1499 - setPackage(No Configuration,No Configuration)
2023-08-29 08:29:01,178 [INFO] CADModel:165 - CPN selected for project level
2023-08-29 08:29:01,179 [INFO] CADModel:114 - Register for checkConnection events
2023-08-29 08:29:01,204 [INFO] IPUIPlugin:80 - create IPUIPlugin
2023-08-29 08:29:01,205 [INFO] PluginManager:220 - loadIPPluginJar : add adc
2023-08-29 08:29:01,207 [INFO] IPUIPlugin:80 - create IPUIPlugin
2023-08-29 08:29:01,208 [INFO] PluginManager:220 - loadIPPluginJar : add aes
2023-08-29 08:29:01,211 [INFO] IPUIPlugin:80 - create IPUIPlugin
2023-08-29 08:29:01,211 [INFO] PluginManager:220 - loadIPPluginJar : add can
2023-08-29 08:29:01,213 [INFO] IPUIPlugin:80 - create IPUIPlugin
2023-08-29 08:29:01,213 [INFO] PluginManager:220 - loadIPPluginJar : add comp
2023-08-29 08:29:01,216 [INFO] IPUIPlugin:80 - create IPUIPlugin
2023-08-29 08:29:01,216 [INFO] PluginManager:220 - loadIPPluginJar : add cryp
2023-08-29 08:29:01,219 [INFO] IPUIPlugin:80 - create IPUIPlugin
2023-08-29 08:29:01,220 [INFO] PluginManager:220 - loadIPPluginJar : add dfsdm
2023-08-29 08:29:01,226 [INFO] IPUIPlugin:80 - create IPUIPlugin
2023-08-29 08:29:01,227 [INFO] PluginManager:220 - loadIPPluginJar : add dma
2023-08-29 08:29:01,230 [INFO] IPUIPlugin:80 - create IPUIPlugin
2023-08-29 08:29:01,230 [INFO] PluginManager:220 - loadIPPluginJar : add dma3
2023-08-29 08:29:01,232 [INFO] IPUIPlugin:80 - create IPUIPlugin
2023-08-29 08:29:01,232 [INFO] PluginManager:220 - loadIPPluginJar : add fatfs
2023-08-29 08:29:01,238 [INFO] IPUIPlugin:80 - create IPUIPlugin
2023-08-29 08:29:01,238 [INFO] PluginManager:220 - loadIPPluginJar : add fmc
2023-08-29 08:29:01,243 [INFO] IPUIPlugin:80 - create IPUIPlugin
2023-08-29 08:29:01,244 [INFO] PluginManager:220 - loadIPPluginJar : add freertos
2023-08-29 08:29:01,245 [INFO] IPUIPlugin:80 - create IPUIPlugin
2023-08-29 08:29:01,245 [INFO] PluginManager:220 - loadIPPluginJar : add genericplugin
2023-08-29 08:29:01,248 [INFO] IPUIPlugin:80 - create IPUIPlugin
2023-08-29 08:29:01,248 [INFO] PluginManager:220 - loadIPPluginJar : add gfxmmu
2023-08-29 08:29:01,254 [INFO] IPUIPlugin:80 - create IPUIPlugin
2023-08-29 08:29:01,255 [INFO] PluginManager:220 - loadIPPluginJar : add gic
2023-08-29 08:29:01,260 [INFO] IPUIPlugin:80 - create IPUIPlugin
2023-08-29 08:29:01,261 [INFO] PluginManager:220 - loadIPPluginJar : add gpio
2023-08-29 08:29:01,265 [INFO] IPUIPlugin:80 - create IPUIPlugin
2023-08-29 08:29:01,265 [INFO] PluginManager:220 - loadIPPluginJar : add gtzc
2023-08-29 08:29:01,268 [INFO] IPUIPlugin:80 - create IPUIPlugin
2023-08-29 08:29:01,268 [INFO] PluginManager:220 - loadIPPluginJar : add hash
2023-08-29 08:29:01,272 [INFO] IPUIPlugin:80 - create IPUIPlugin
2023-08-29 08:29:01,272 [INFO] PluginManager:220 - loadIPPluginJar : add i2c
2023-08-29 08:29:01,275 [INFO] IPUIPlugin:80 - create IPUIPlugin
2023-08-29 08:29:01,275 [INFO] PluginManager:220 - loadIPPluginJar : add i2s
2023-08-29 08:29:01,278 [INFO] IPUIPlugin:80 - create IPUIPlugin
2023-08-29 08:29:01,278 [INFO] PluginManager:220 - loadIPPluginJar : add i3c
2023-08-29 08:29:01,282 [INFO] IPUIPlugin:80 - create IPUIPlugin
2023-08-29 08:29:01,282 [INFO] PluginManager:220 - loadIPPluginJar : add ipddr
2023-08-29 08:29:01,290 [INFO] IPUIPlugin:80 - create IPUIPlugin
2023-08-29 08:29:01,290 [INFO] PluginManager:220 - loadIPPluginJar : add linkedlist
2023-08-29 08:29:01,293 [INFO] IPUIPlugin:80 - create IPUIPlugin
2023-08-29 08:29:01,293 [INFO] PluginManager:220 - loadIPPluginJar : add lorawan
2023-08-29 08:29:01,296 [INFO] IPUIPlugin:80 - create IPUIPlugin
2023-08-29 08:29:01,296 [INFO] PluginManager:220 - loadIPPluginJar : add ltdc
2023-08-29 08:29:01,303 [INFO] IPUIPlugin:80 - create IPUIPlugin
2023-08-29 08:29:01,304 [INFO] PluginManager:220 - loadIPPluginJar : add mdma
2023-08-29 08:29:01,308 [INFO] IPUIPlugin:80 - create IPUIPlugin
2023-08-29 08:29:01,308 [INFO] PluginManager:220 - loadIPPluginJar : add nvic
2023-08-29 08:29:01,312 [INFO] IPUIPlugin:80 - create IPUIPlugin
2023-08-29 08:29:01,312 [INFO] PluginManager:220 - loadIPPluginJar : add opamp
2023-08-29 08:29:01,315 [INFO] IPUIPlugin:80 - create IPUIPlugin
2023-08-29 08:29:01,315 [INFO] PluginManager:220 - loadIPPluginJar : add openamp
2023-08-29 08:29:01,320 [INFO] IPUIPlugin:80 - create IPUIPlugin
2023-08-29 08:29:01,320 [INFO] PluginManager:220 - loadIPPluginJar : add pdm2pcm
2023-08-29 08:29:01,329 [INFO] IPUIPlugin:80 - create IPUIPlugin
2023-08-29 08:29:01,332 [INFO] PluginManager:220 - loadIPPluginJar : add plateformsettings
2023-08-29 08:29:01,335 [INFO] IPUIPlugin:80 - create IPUIPlugin
2023-08-29 08:29:01,335 [INFO] PluginManager:220 - loadIPPluginJar : add quadspi
2023-08-29 08:29:01,340 [INFO] IPUIPlugin:80 - create IPUIPlugin
2023-08-29 08:29:01,340 [INFO] PluginManager:220 - loadIPPluginJar : add resmgrutility
2023-08-29 08:29:01,343 [INFO] IPUIPlugin:80 - create IPUIPlugin
2023-08-29 08:29:01,344 [INFO] PluginManager:220 - loadIPPluginJar : add sai
2023-08-29 08:29:01,347 [INFO] IPUIPlugin:80 - create IPUIPlugin
2023-08-29 08:29:01,347 [INFO] PluginManager:220 - loadIPPluginJar : add spi
2023-08-29 08:29:01,353 [INFO] IPUIPlugin:80 - create IPUIPlugin
2023-08-29 08:29:01,353 [INFO] PluginManager:220 - loadIPPluginJar : add stm32_wpan
2023-08-29 08:29:01,356 [INFO] IPUIPlugin:80 - create IPUIPlugin
2023-08-29 08:29:01,356 [INFO] PluginManager:220 - loadIPPluginJar : add tim
2023-08-29 08:29:01,360 [INFO] IPUIPlugin:80 - create IPUIPlugin
2023-08-29 08:29:01,360 [INFO] PluginManager:220 - loadIPPluginJar : add touchsensing
2023-08-29 08:29:01,362 [INFO] IPUIPlugin:80 - create IPUIPlugin
2023-08-29 08:29:01,362 [INFO] PluginManager:220 - loadIPPluginJar : add tracer_emb
2023-08-29 08:29:01,364 [INFO] IPUIPlugin:80 - create IPUIPlugin
2023-08-29 08:29:01,364 [INFO] PluginManager:220 - loadIPPluginJar : add ts
2023-08-29 08:29:01,365 [INFO] IPUIPlugin:80 - create IPUIPlugin
2023-08-29 08:29:01,366 [INFO] PluginManager:220 - loadIPPluginJar : add tsc
2023-08-29 08:29:01,368 [INFO] IPUIPlugin:80 - create IPUIPlugin
2023-08-29 08:29:01,368 [INFO] PluginManager:220 - loadIPPluginJar : add ucpd
2023-08-29 08:29:01,371 [INFO] IPUIPlugin:80 - create IPUIPlugin
2023-08-29 08:29:01,371 [INFO] PluginManager:220 - loadIPPluginJar : add usart
2023-08-29 08:29:01,374 [INFO] IPUIPlugin:80 - create IPUIPlugin
2023-08-29 08:29:01,374 [INFO] PluginManager:220 - loadIPPluginJar : add usbx
2023-08-29 08:29:01,512 [INFO] CADModel:165 - CPN selected for project level
2023-08-29 08:29:01,512 [INFO] CADModel:114 - Register for checkConnection events
2023-08-29 08:29:01,513 [FATAL] Updater:308 - Updater called before beeing initialized
2023-08-29 08:29:01,513 [ERROR] CADModel:125 - Updater not yet initialized, retry later 
2023-08-29 08:29:01,678 [INFO] CADModel:165 - CPN selected for project level
2023-08-29 08:29:01,678 [INFO] CADModel:114 - Register for checkConnection events
2023-08-29 08:29:01,678 [FATAL] Updater:308 - Updater called before beeing initialized
2023-08-29 08:29:01,678 [ERROR] CADModel:125 - Updater not yet initialized, retry later 
2023-08-29 08:29:01,682 [FATAL] Updater:308 - Updater called before beeing initialized
2023-08-29 08:29:01,832 [FATAL] Updater:308 - Updater called before beeing initialized
2023-08-29 08:29:01,841 [INFO] DbMcusAds:53 - JSON generation date=Tue Mar 07 11:50:55 TRT 2023 (1678179055114)
2023-08-29 08:29:01,842 [FATAL] Updater:308 - Updater called before beeing initialized
2023-08-29 08:29:01,910 [WARN] DetailPanel:346 - Failed to get advertising image, set to default
2023-08-29 08:29:02,073 [FATAL] Updater:308 - Updater called before beeing initialized
2023-08-29 08:29:02,076 [FATAL] Updater:308 - Updater called before beeing initialized
2023-08-29 08:29:02,076 [FATAL] Updater:308 - Updater called before beeing initialized
2023-08-29 08:29:02,076 [WARN] DetailPanel:346 - Failed to get advertising image, set to default
2023-08-29 08:29:02,078 [FATAL] Updater:308 - Updater called before beeing initialized
2023-08-29 08:29:02,145 [ERROR] Updater:1120 - MainUpdater not yet initialized. External WinMGr cannot be set.
2023-08-29 08:29:02,147 [INFO] Updater:1056 - Updater Version found : 6.9.1
2023-08-29 08:29:02,175 [INFO] ApplicationProperties:184 - Using Application install path: C:\ST\STM32CubeIDE_1.11.0\STM32CubeIDE\plugins\com.st.stm32cube.common.mx_6.9.1.202307191849
2023-08-29 08:29:02,715 [INFO] MainUpdater:2868 - connection check result : 10
2023-08-29 08:29:02,716 [INFO] MainUpdater:285 - Updater Check For Update Now.
2023-08-29 08:29:02,717 [INFO] MicroXplorer:498 - Change Database Version : DB.6.0.91
2023-08-29 08:29:02,725 [INFO] McuFinderGlobals:63 - Set McuFinder mode to 2 (CubeIDE integrated)
2023-08-29 08:29:02,969 [INFO] CheckServerUpdateThread:120 - End of CheckServer Thread
2023-08-29 08:29:03,874 [WARN] PackLoader:240 - Cannot read IP mode file for STMicroelectronics.X-CUBE-SMBUS.2.1.0
2023-08-29 08:29:03,971 [WARN] PackLoader:240 - Cannot read IP mode file for STMicroelectronics.X-CUBE-AZRTOS-F7.1.1.0
2023-08-29 08:29:04,011 [WARN] PackLoader:240 - Cannot read IP mode file for STMicroelectronics.FP-SNS-MOTENV1.4.3.2
2023-08-29 08:29:04,031 [WARN] PackLoader:240 - Cannot read IP mode file for STMicroelectronics.X-CUBE-BLE1.6.2.4
2023-08-29 08:29:04,041 [WARN] PackLoader:240 - Cannot read IP mode file for STMicroelectronics.FP-SNS-FLIGHT1.5.0.2
2023-08-29 08:29:04,061 [WARN] PackLoader:240 - Cannot read IP mode file for STMicroelectronics.X-CUBE-DISPLAY.3.0.0
2023-08-29 08:29:04,084 [WARN] PackLoader:240 - Cannot read IP mode file for STMicroelectronics.X-CUBE-BLE1.7.0.0
2023-08-29 08:29:04,097 [WARN] PackLoader:240 - Cannot read IP mode file for emotas.I-CUBE-CANOPEN.1.3.0
2023-08-29 08:29:04,106 [WARN] PackLoader:240 - Cannot read IP mode file for STMicroelectronics.X-CUBE-TOUCHGFX.4.22.0
2023-08-29 08:29:04,136 [INFO] LogOutputStream:77 - [STDOUT_REDIRECT] 1 : Invalid condition id : UX_CORESTACK_Condition cause : null
2023-08-29 08:29:04,137 [INFO] LogOutputStream:77 - [STDOUT_REDIRECT] 1 : Invalid condition id : UX_CORESTACK_Condition cause : null
2023-08-29 08:29:04,140 [INFO] LogOutputStream:77 - [STDOUT_REDIRECT] 1 : Invalid condition id : UX_CORESTACK_Condition cause : null
2023-08-29 08:29:04,144 [INFO] LogOutputStream:77 - [STDOUT_REDIRECT] 1 : Invalid condition id : UX_CORESTACK_Condition cause : null
2023-08-29 08:29:04,147 [INFO] LogOutputStream:77 - [STDOUT_REDIRECT] 1 : Invalid condition id : UX_CORESTACK_Condition cause : null
2023-08-29 08:29:04,163 [WARN] PackLoader:240 - Cannot read IP mode file for STMicroelectronics.X-CUBE-AZRTOS-WL.2.0.0
2023-08-29 08:29:04,194 [WARN] PackLoader:240 - Cannot read IP mode file for WES.I-CUBE-Cesium.1.3.0
2023-08-29 08:29:04,206 [WARN] PackLoader:240 - Cannot read IP mode file for STMicroelectronics.X-CUBE-BLE2.3.3.0
2023-08-29 08:29:04,223 [WARN] PackLoader:240 - Cannot read IP mode file for STMicroelectronics.X-CUBE-ALGOBUILD.1.3.0
2023-08-29 08:29:04,289 [WARN] PackLoader:240 - Cannot read IP mode file for STMicroelectronics.X-CUBE-AZRTOS-G0.1.1.0
2023-08-29 08:29:04,310 [WARN] PackLoader:240 - Cannot read IP mode file for STMicroelectronics.X-CUBE-NFC4.3.0.0
2023-08-29 08:29:04,321 [WARN] PackLoader:240 - Cannot read IP mode file for STMicroelectronics.FP-ATR-SIGFOX1.3.2.0
2023-08-29 08:29:04,405 [WARN] PackLoader:240 - Cannot read IP mode file for SEGGER.I-CUBE-embOS.1.3.1
2023-08-29 08:29:04,573 [WARN] PackLoader:240 - Cannot read IP mode file for STMicroelectronics.X-CUBE-GNSS1.6.0.0
2023-08-29 08:29:04,664 [WARN] PackLoader:240 - Cannot read IP mode file for STMicroelectronics.X-CUBE-AZRTOS-F4.1.1.0
2023-08-29 08:29:04,681 [WARN] PackLoader:240 - Cannot read IP mode file for wolfSSL.I-CUBE-wolfSSL.5.6.3
2023-08-29 08:29:04,739 [WARN] PackLoader:240 - Cannot read IP mode file for STMicroelectronics.X-CUBE-AZRTOS-L5.2.0.0
2023-08-29 08:29:04,869 [WARN] PackLoader:240 - Cannot read IP mode file for STMicroelectronics.X-CUBE-MEMS1.9.6.0
2023-08-29 08:29:05,348 [WARN] PackLoader:240 - Cannot read IP mode file for STMicroelectronics.X-CUBE-BLEMGR.2.0.0
2023-08-29 08:29:05,401 [WARN] ConditionMgr:438 - getConditionDescription Invalid condition id : UX DEVICE CLASS RTOS Condition cause : null
2023-08-29 08:29:05,402 [WARN] ConditionMgr:438 - getConditionDescription Invalid condition id : UX DEVICE CLASS RTOS Condition cause : null
2023-08-29 08:29:05,409 [WARN] PackLoader:240 - Cannot read IP mode file for STMicroelectronics.X-CUBE-AZRTOS-H7.3.1.0
2023-08-29 08:29:05,412 [WARN] ConditionMgr:1039 - genDependencies : Invalid condition id : UX DEVICE CLASS RTOS Condition cause : null
2023-08-29 08:29:05,412 [WARN] ConditionMgr:1039 - genDependencies : Invalid condition id : UX DEVICE CLASS RTOS Condition cause : null
2023-08-29 08:29:05,413 [WARN] ConditionMgr:1039 - genDependencies : Invalid condition id : UX DEVICE CLASS RTOS Condition cause : null
2023-08-29 08:29:05,414 [WARN] ConditionMgr:1039 - genDependencies : Invalid condition id : UX DEVICE CLASS RTOS Condition cause : null
2023-08-29 08:29:05,414 [WARN] ConditionMgr:1039 - genDependencies : Invalid condition id : UX DEVICE CLASS RTOS Condition cause : null
2023-08-29 08:29:05,427 [WARN] PackLoader:240 - Cannot read IP mode file for STMicroelectronics.X-CUBE-NFC7.1.0.1
2023-08-29 08:29:05,440 [WARN] PackLoader:240 - Cannot read IP mode file for STMicroelectronics.X-CUBE-EEPRMA1.4.1.0
2023-08-29 08:29:05,450 [WARN] PackLoader:240 - Cannot read IP mode file for STMicroelectronics.X-CUBE-AI.8.1.0
2023-08-29 08:29:05,492 [WARN] ConditionMgr:438 - getConditionDescription Invalid condition id : LAN8742 Phy interface Condition cause : null
2023-08-29 08:29:05,494 [WARN] PackLoader:240 - Cannot read IP mode file for STMicroelectronics.X-CUBE-AZRTOS-L4.2.0.0
2023-08-29 08:29:05,497 [WARN] ConditionMgr:1039 - genDependencies : Invalid condition id : LAN8742 Phy interface Condition cause : null
2023-08-29 08:29:05,497 [WARN] ConditionMgr:1039 - genDependencies : Invalid condition id : LAN8742 Phy interface Condition cause : null
2023-08-29 08:29:05,499 [WARN] ConditionMgr:1039 - genDependencies : Invalid condition id : LAN8742 Phy interface Condition cause : null
2023-08-29 08:29:05,514 [WARN] PackLoader:240 - Cannot read IP mode file for STMicroelectronics.X-CUBE-SFXS2LP1.4.0.0
2023-08-29 08:29:05,524 [WARN] PackLoader:240 - Cannot read IP mode file for STMicroelectronics.X-CUBE-ISPU.1.1.0
2023-08-29 08:29:05,554 [WARN] ConditionMgr:438 - getConditionDescription Invalid condition id : UX DEVICE CLASS RTOS Condition cause : null
2023-08-29 08:29:05,554 [WARN] ConditionMgr:438 - getConditionDescription Invalid condition id : UX DEVICE CLASS RTOS Condition cause : null
2023-08-29 08:29:05,559 [WARN] PackLoader:240 - Cannot read IP mode file for STMicroelectronics.X-CUBE-AZRTOS-WB.2.0.0
2023-08-29 08:29:05,560 [WARN] ConditionMgr:1039 - genDependencies : Invalid condition id : UX DEVICE CLASS RTOS Condition cause : null
2023-08-29 08:29:05,561 [WARN] ConditionMgr:1039 - genDependencies : Invalid condition id : UX DEVICE CLASS RTOS Condition cause : null
2023-08-29 08:29:05,562 [WARN] ConditionMgr:1039 - genDependencies : Invalid condition id : UX DEVICE CLASS RTOS Condition cause : null
2023-08-29 08:29:05,563 [WARN] ConditionMgr:1039 - genDependencies : Invalid condition id : UX DEVICE CLASS RTOS Condition cause : null
2023-08-29 08:29:05,563 [WARN] ConditionMgr:1039 - genDependencies : Invalid condition id : UX DEVICE CLASS RTOS Condition cause : null
2023-08-29 08:29:05,573 [WARN] PackLoader:240 - Cannot read IP mode file for STMicroelectronics.X-CUBE-FREERTOS.1.0.1
2023-08-29 08:29:05,641 [WARN] PackLoader:240 - Cannot read IP mode file for STMicroelectronics.X-CUBE-AZRTOS-L5.1.1.0
2023-08-29 08:29:05,674 [WARN] PackLoader:240 - Cannot read IP mode file for STMicroelectronics.X-CUBE-SUBG2.5.0.0
2023-08-29 08:29:05,732 [WARN] PackLoader:240 - Cannot read IP mode file for STMicroelectronics.X-CUBE-TOF1.3.3.1
2023-08-29 08:29:05,798 [WARN] PackLoader:240 - Cannot read IP mode file for STMicroelectronics.X-CUBE-AZRTOS-G4.2.0.0
2023-08-29 08:29:05,812 [WARN] PackLoader:240 - Cannot read IP mode file for STMicroelectronics.X-CUBE-FREERTOS.1.1.0
2023-08-29 08:29:05,855 [WARN] PackLoader:240 - Cannot read IP mode file for portGmbH.I-Cube-SoM-uGOAL.1.1.0
2023-08-29 08:29:05,863 [WARN] PackLoader:240 - Cannot read IP mode file for STMicroelectronics.X-CUBE-ALS.1.0.1
2023-08-29 08:29:05,890 [WARN] PackLoader:240 - Cannot read IP mode file for STMicroelectronics.X-CUBE-AZRTOS-WB.1.1.0
2023-08-29 08:29:05,901 [WARN] PackLoader:240 - Cannot read IP mode file for STMicroelectronics.FP-ATR-ASTRA1.2.0.0
2023-08-29 08:29:05,902 [INFO] ThirdParty:978 - Integrity check success = true
2023-08-29 08:29:05,902 [INFO] IntegrityCheckThread:100 - exiting critical section [integrity check]
2023-08-29 08:29:05,903 [INFO] IntegrityCheckThread:103 - End integrity checks thread
2023-08-29 08:29:23,578 [ERROR] LogOutputStream:75 - [STDERR_REDIRECT] SLF4J: Failed to load class "org.slf4j.impl.StaticLoggerBinder".
2023-08-29 08:29:23,579 [ERROR] LogOutputStream:75 - [STDERR_REDIRECT] SLF4J: Defaulting to no-operation (NOP) logger implementation
2023-08-29 08:29:23,583 [ERROR] LogOutputStream:75 - [STDERR_REDIRECT] SLF4J: See http://www.slf4j.org/codes.html#StaticLoggerBinder for further details.
