2023-08-23 13:29:22,367 [INFO] MainUpdater:2868 - connection check result : 10
2023-08-23 13:29:22,459 [INFO] McuFinderGlobals:76 - Set McuFinderConnectedMode to true
2023-08-23 13:29:22,459 [INFO] MultiScanPanel:200 - Auto-refresh data requested => check proxy status ongoing
2023-08-23 13:29:22,460 [INFO] FinderPluginLoader:95 - Searching for filters in installed packs
2023-08-23 13:29:24,897 [INFO] LoadUrlFilesThread:185 - End of LoadServerUrlFiles without Thread
2023-08-23 13:29:24,897 [INFO] DetailPanel:341 - Set advertising image to C:/Users/deniz.gurhan.CIZGI/STM32Cube/Repository/\en.prom-stm32h5-mcu-finder.jpg
2023-08-23 13:30:35,395 [INFO] MainUpdater:2868 - connection check result : 10
2023-08-23 13:30:35,395 [INFO] MainUpdater:2868 - connection check result : 10
2023-08-23 13:30:35,414 [INFO] MicroXplorer:468 - Change Database Path : 
2023-08-23 13:30:35,414 [INFO] MicroXplorer:498 - Change Database Version : DB.6.0.91
2023-08-23 13:30:35,459 [WARN] ThirdParty:871 - waiting for thirdparty lock release [close project]
2023-08-23 13:30:35,459 [INFO] ThirdParty:873 - entering critical section [close project]
2023-08-23 13:30:35,459 [INFO] ThirdParty:883 - exiting critical section [close project]
2023-08-23 13:30:35,459 [INFO] PinOutPanel:1499 - setPackage(No Configuration,No Configuration)
2023-08-23 13:30:35,459 [INFO] UtilMem:75 - Begin LoadConfig() Used Memory: 565858760 Bytes (972029952)
2023-08-23 13:30:35,459 [INFO] MicroXplorer:468 - Change Database Path : 
2023-08-23 13:30:35,459 [INFO] MicroXplorer:498 - Change Database Version : DB.6.0.91
2023-08-23 13:30:35,459 [INFO] OpenFileManager:308 - Change cursor
2023-08-23 13:30:35,497 [INFO] RulesReader:64 - Compatibility file has been processed (293 Rules)
2023-08-23 13:30:35,590 [INFO] Mcu:1946 - Initializing MCU STM32G030K8Tx STM32G030K8Tx STM32G030K8T6
2023-08-23 13:30:37,178 [INFO] Context:659 - Trying to add GPIOservice into a context  which must be forbidden
2023-08-23 13:30:37,523 [INFO] ImportTextPane:194 - (OptionalMessage_ERROR) Unable to find key (Mcu.ThirdPartyNb) in loaded IOC file
2023-08-23 13:30:37,523 [INFO] ImportTextPane:194 - (OptionalMessage_ERROR) Unable to find key (Mcu.PinsNb) in loaded IOC file
2023-08-23 13:30:37,524 [INFO] ImportTextPane:194 - (OptionalMessage_ERROR) Unable to find key (Mcu.IPNb) in loaded IOC file
2023-08-23 13:30:37,733 [INFO] RtosManager:555 - Registered RTOS mode: class=CMSIS, group=RTOS, mode=CMSIS_V1, owner=FREERTOS
2023-08-23 13:30:37,733 [INFO] RtosManager:555 - Registered RTOS mode: class=CMSIS, group=RTOS2, mode=CMSIS_V2, owner=FREERTOS
2023-08-23 13:30:37,733 [INFO] RtosManager:555 - Registered RTOS mode: class=RTOS, group=Core, mode=CMSIS_V1, owner=FREERTOS
2023-08-23 13:30:37,733 [INFO] RtosManager:555 - Registered RTOS mode: class=RTOS, group=Core, mode=CMSIS_V2, owner=FREERTOS
2023-08-23 13:30:37,733 [WARN] ModelIntegratedComponent:184 - Missing modes for component STMicroelectronics:FreeRTOS:0.0.1:STMicroelectronics:RTOS:FreeRTOS:Core:::10.2.0:
2023-08-23 13:30:37,745 [WARN] ModelIntegratedComponent:63 - No mode defined for component null
2023-08-23 13:30:37,745 [WARN] ModelIntegratedComponent:63 - No mode defined for component null
2023-08-23 13:30:37,745 [WARN] ModelIntegratedComponent:63 - No mode defined for component null
2023-08-23 13:30:37,745 [WARN] ModelIntegratedComponent:63 - No mode defined for component null
2023-08-23 13:30:37,745 [WARN] ModelIntegratedComponent:63 - No mode defined for component null
2023-08-23 13:30:37,745 [WARN] ModelIntegratedComponent:63 - No mode defined for component null
2023-08-23 13:30:37,745 [WARN] ModelIntegratedComponent:63 - No mode defined for component null
2023-08-23 13:30:37,745 [WARN] ModelIntegratedComponent:63 - No mode defined for component null
2023-08-23 13:30:37,745 [WARN] ModelIntegratedComponent:63 - No mode defined for component null
2023-08-23 13:30:37,745 [WARN] ModelIntegratedComponent:63 - No mode defined for component null
2023-08-23 13:30:37,745 [WARN] ModelIntegratedComponent:63 - No mode defined for component null
2023-08-23 13:30:37,745 [WARN] ModelIntegratedComponent:63 - No mode defined for component null
2023-08-23 13:30:37,745 [WARN] ModelIntegratedComponent:63 - No mode defined for component null
2023-08-23 13:30:37,745 [WARN] ModelIntegratedComponent:63 - No mode defined for component null
2023-08-23 13:30:37,745 [WARN] ModelIntegratedComponent:63 - No mode defined for component null
2023-08-23 13:30:37,746 [WARN] ModelIntegratedComponent:63 - No mode defined for component null
2023-08-23 13:30:37,746 [WARN] ModelIntegratedComponent:63 - No mode defined for component null
2023-08-23 13:30:37,746 [WARN] ModelIntegratedComponent:63 - No mode defined for component null
2023-08-23 13:30:37,746 [WARN] ModelIntegratedComponent:63 - No mode defined for component null
2023-08-23 13:30:37,746 [WARN] ModelIntegratedComponent:63 - No mode defined for component null
2023-08-23 13:30:37,746 [WARN] ModelIntegratedComponent:63 - No mode defined for component null
2023-08-23 13:30:37,746 [WARN] ModelIntegratedComponent:63 - No mode defined for component null
2023-08-23 13:30:37,746 [WARN] ModelIntegratedComponent:63 - No mode defined for component null
2023-08-23 13:30:37,746 [WARN] ModelIntegratedComponent:63 - No mode defined for component null
2023-08-23 13:30:37,746 [WARN] ModelIntegratedComponent:63 - No mode defined for component null
2023-08-23 13:30:37,746 [WARN] ModelIntegratedComponent:63 - No mode defined for component null
2023-08-23 13:30:37,746 [WARN] ModelIntegratedComponent:63 - No mode defined for component null
2023-08-23 13:30:37,746 [WARN] ModelIntegratedComponent:63 - No mode defined for component null
2023-08-23 13:30:37,746 [WARN] ModelIntegratedComponent:63 - No mode defined for component null
2023-08-23 13:30:37,746 [WARN] ModelIntegratedComponent:63 - No mode defined for component null
2023-08-23 13:30:37,746 [WARN] ModelIntegratedComponent:63 - No mode defined for component null
2023-08-23 13:30:37,746 [WARN] ModelIntegratedComponent:63 - No mode defined for component null
2023-08-23 13:30:37,746 [WARN] ModelIntegratedComponent:63 - No mode defined for component null
2023-08-23 13:30:37,755 [INFO] ThirdPartyModel:298 - Start build external matchings
2023-08-23 13:30:38,599 [INFO] ThirdPartyModel:316 - End build external matchings
2023-08-23 13:30:38,770 [INFO] UtilMem:75 - End LoadConfig() Used Memory: 662668400 Bytes (972029952)
2023-08-23 13:30:38,791 [WARN] ThirdParty:833 - waiting for thirdparty lock release [change project]
2023-08-23 13:30:38,791 [INFO] ThirdParty:835 - entering critical section [change project]
2023-08-23 13:30:38,792 [INFO] ThirdParty:1030 - CMSIS Pack Vendor :STMicroelectronics X-CUBE-ISPU 1.1.0
2023-08-23 13:30:38,792 [INFO] ThirdParty:1030 - CMSIS Pack Vendor :STMicroelectronics USBPD 4.1
2023-08-23 13:30:38,792 [INFO] ThirdParty:1030 - CMSIS Pack Vendor :STMicroelectronics X-CUBE-GNSS1 6.0.0
2023-08-23 13:30:38,792 [INFO] ThirdParty:1030 - CMSIS Pack Vendor :STMicroelectronics USB_HOST 2.0.0
2023-08-23 13:30:38,792 [INFO] ThirdParty:1030 - CMSIS Pack Vendor :STMicroelectronics X-CUBE-AZRTOS-F4 1.1.0
2023-08-23 13:30:38,792 [INFO] ThirdParty:1030 - CMSIS Pack Vendor :STMicroelectronics LIBJPEG 8.0.0
2023-08-23 13:30:38,792 [INFO] ThirdParty:1030 - CMSIS Pack Vendor :wolfSSL I-CUBE-wolfSSL 5.6.3
2023-08-23 13:30:38,792 [INFO] ThirdParty:1030 - CMSIS Pack Vendor :STMicroelectronics X-CUBE-SMBUS 2.1.0
2023-08-23 13:30:38,792 [INFO] ThirdParty:1030 - CMSIS Pack Vendor :STMicroelectronics USB_DEVICE 3.0.0
2023-08-23 13:30:38,792 [INFO] ThirdParty:1030 - CMSIS Pack Vendor :STMicroelectronics X-CUBE-AZRTOS-WB 2.0.0
2023-08-23 13:30:38,792 [INFO] ThirdParty:1030 - CMSIS Pack Vendor :STMicroelectronics X-CUBE-FREERTOS 1.0.1
2023-08-23 13:30:38,792 [INFO] ThirdParty:1030 - CMSIS Pack Vendor :STMicroelectronics X-CUBE-AZRTOS-F7 1.1.0
2023-08-23 13:30:38,792 [INFO] ThirdParty:1030 - CMSIS Pack Vendor :STMicroelectronics X-CUBE-AZRTOS-L5 2.0.0
2023-08-23 13:30:38,792 [INFO] ThirdParty:1030 - CMSIS Pack Vendor :STMicroelectronics USB_DEVICE 2.0.0
2023-08-23 13:30:38,792 [INFO] ThirdParty:1030 - CMSIS Pack Vendor :STMicroelectronics X-CUBE-MEMS1 9.6.0
2023-08-23 13:30:38,793 [INFO] ThirdParty:1030 - CMSIS Pack Vendor :STMicroelectronics FP-SNS-MOTENV1 4.3.2
2023-08-23 13:30:38,793 [INFO] ThirdParty:1030 - CMSIS Pack Vendor :STMicroelectronics X-CUBE-ALGOBUILD 1.3.0
2023-08-23 13:30:38,793 [INFO] ThirdParty:1030 - CMSIS Pack Vendor :STMicroelectronics X-CUBE-BLE1 6.2.4
2023-08-23 13:30:38,793 [INFO] ThirdParty:1030 - CMSIS Pack Vendor :STMicroelectronics X-CUBE-AZRTOS-L5 1.1.0
2023-08-23 13:30:38,793 [INFO] ThirdParty:1030 - CMSIS Pack Vendor :STMicroelectronics FreeRTOS 0.0.1
2023-08-23 13:30:38,793 [INFO] ThirdParty:1030 - CMSIS Pack Vendor :STMicroelectronics X-CUBE-AZRTOS-G0 1.1.0
2023-08-23 13:30:38,793 [INFO] ThirdParty:1030 - CMSIS Pack Vendor :STMicroelectronics X-CUBE-BLEMGR 2.0.0
2023-08-23 13:30:38,793 [INFO] ThirdParty:1030 - CMSIS Pack Vendor :STMicroelectronics X-CUBE-NFC4 3.0.0
2023-08-23 13:30:38,793 [INFO] ThirdParty:1030 - CMSIS Pack Vendor :STMicroelectronics X-CUBE-SUBG2 5.0.0
2023-08-23 13:30:38,793 [INFO] ThirdParty:1030 - CMSIS Pack Vendor :STMicroelectronics STM32_WPAN 1.0.0
2023-08-23 13:30:38,793 [INFO] ThirdParty:1030 - CMSIS Pack Vendor :STMicroelectronics lwIP 2.0.3
2023-08-23 13:30:38,793 [INFO] ThirdParty:1030 - CMSIS Pack Vendor :STMicroelectronics FP-SNS-FLIGHT1 5.0.2
2023-08-23 13:30:38,793 [INFO] ThirdParty:1030 - CMSIS Pack Vendor :STMicroelectronics USB_HOST 1.0.0
2023-08-23 13:30:38,793 [INFO] ThirdParty:1030 - CMSIS Pack Vendor :STMicroelectronics X-CUBE-TOF1 3.3.1
2023-08-23 13:30:38,793 [INFO] ThirdParty:1030 - CMSIS Pack Vendor :STMicroelectronics X-CUBE-AZRTOS-G4 2.0.0
2023-08-23 13:30:38,793 [INFO] ThirdParty:1030 - CMSIS Pack Vendor :STMicroelectronics PDM2PCM 3.1.0
2023-08-23 13:30:38,793 [INFO] ThirdParty:1030 - CMSIS Pack Vendor :STMicroelectronics X-CUBE-AZRTOS-H7 3.1.0
2023-08-23 13:30:38,793 [INFO] ThirdParty:1030 - CMSIS Pack Vendor :STMicroelectronics PDM2PCM 3.3.0
2023-08-23 13:30:38,793 [INFO] ThirdParty:1030 - CMSIS Pack Vendor :STMicroelectronics X-CUBE-DISPLAY 3.0.0
2023-08-23 13:30:38,793 [INFO] ThirdParty:1030 - CMSIS Pack Vendor :STMicroelectronics X-CUBE-BLE1 7.0.0
2023-08-23 13:30:38,793 [INFO] ThirdParty:1030 - CMSIS Pack Vendor :STMicroelectronics FP-ATR-SIGFOX1 3.2.0
2023-08-23 13:30:38,793 [INFO] ThirdParty:1030 - CMSIS Pack Vendor :STMicroelectronics HAL Drivers 0.0.0
2023-08-23 13:30:38,793 [INFO] ThirdParty:1030 - CMSIS Pack Vendor :STMicroelectronics MBEDTLS 2.16.2
2023-08-23 13:30:38,793 [INFO] ThirdParty:1030 - CMSIS Pack Vendor :emotas I-CUBE-CANOPEN 1.3.0
2023-08-23 13:30:38,793 [INFO] ThirdParty:1030 - CMSIS Pack Vendor :STMicroelectronics X-CUBE-TOUCHGFX 4.22.0
2023-08-23 13:30:38,793 [INFO] ThirdParty:1030 - CMSIS Pack Vendor :STMicroelectronics X-CUBE-NFC7 1.0.1
2023-08-23 13:30:38,793 [INFO] ThirdParty:1030 - CMSIS Pack Vendor :STMicroelectronics MBEDTLS 2.14.1
2023-08-23 13:30:38,793 [INFO] ThirdParty:1030 - CMSIS Pack Vendor :STMicroelectronics X-CUBE-EEPRMA1 4.1.0
2023-08-23 13:30:38,793 [INFO] ThirdParty:1030 - CMSIS Pack Vendor :portGmbH I-Cube-SoM-uGOAL 1.1.0
2023-08-23 13:30:38,793 [INFO] ThirdParty:1030 - CMSIS Pack Vendor :STMicroelectronics X-CUBE-ALS 1.0.1
2023-08-23 13:30:38,793 [INFO] ThirdParty:1030 - CMSIS Pack Vendor :STMicroelectronics ThreadX 1.0.0
2023-08-23 13:30:38,793 [INFO] ThirdParty:1030 - CMSIS Pack Vendor :STMicroelectronics X-CUBE-AZRTOS-WB 1.1.0
2023-08-23 13:30:38,793 [INFO] ThirdParty:1030 - CMSIS Pack Vendor :STMicroelectronics X-CUBE-AZRTOS-WL 2.0.0
2023-08-23 13:30:38,793 [INFO] ThirdParty:1030 - CMSIS Pack Vendor :SEGGER I-CUBE-embOS 1.3.1
2023-08-23 13:30:38,793 [INFO] ThirdParty:1030 - CMSIS Pack Vendor :STMicroelectronics USB_DEVICE 1.0.0
2023-08-23 13:30:38,793 [INFO] ThirdParty:1030 - CMSIS Pack Vendor :STMicroelectronics X-CUBE-AI 8.1.0
2023-08-23 13:30:38,793 [INFO] ThirdParty:1030 - CMSIS Pack Vendor :STMicroelectronics X-CUBE-AZRTOS-L4 2.0.0
2023-08-23 13:30:38,793 [INFO] ThirdParty:1030 - CMSIS Pack Vendor :STMicroelectronics ThreadX 0.0.2
2023-08-23 13:30:38,793 [INFO] ThirdParty:1030 - CMSIS Pack Vendor :WES I-CUBE-Cesium 1.3.0
2023-08-23 13:30:38,793 [INFO] ThirdParty:1030 - CMSIS Pack Vendor :STMicroelectronics FP-ATR-ASTRA1 2.0.0
2023-08-23 13:30:38,793 [INFO] ThirdParty:1030 - CMSIS Pack Vendor :STMicroelectronics lwIP 2.1.2
2023-08-23 13:30:38,793 [INFO] ThirdParty:1030 - CMSIS Pack Vendor :STMicroelectronics X-CUBE-SFXS2LP1 4.0.0
2023-08-23 13:30:38,795 [INFO] ThirdParty:1030 - CMSIS Pack Vendor :STMicroelectronics X-CUBE-BLE2 3.3.0
2023-08-23 13:30:38,795 [INFO] ThirdParty:1030 - CMSIS Pack Vendor :STMicroelectronics PDM2PCM 3.2.0
2023-08-23 13:30:38,795 [INFO] ThirdParty:841 - exiting critical section [change project]
2023-08-23 13:30:38,966 [INFO] PinOutPanel:1499 - setPackage(No Configuration,No Configuration)
2023-08-23 13:30:38,966 [INFO] PinOutPanel:1499 - setPackage(STM32G030K8Tx,LQFP32)
2023-08-23 13:30:39,189 [INFO] UtilMem:75 - Before build in PCC Used Memory: 740784648 Bytes (972029952)
2023-08-23 13:30:39,742 [INFO] UtilMem:75 - After build in PCC Used Memory: 371093072 Bytes (972029952)
2023-08-23 13:30:39,762 [INFO] IPUIPlugin:80 - create IPUIPlugin
2023-08-23 13:30:39,762 [INFO] IPUIPlugin:80 - create IPUIPlugin
2023-08-23 13:30:39,762 [INFO] IPUIPlugin:80 - create IPUIPlugin
2023-08-23 13:30:39,762 [INFO] IPUIPlugin:80 - create IPUIPlugin
2023-08-23 13:30:39,762 [INFO] IPUIPlugin:80 - create IPUIPlugin
2023-08-23 13:30:39,762 [INFO] IPUIPlugin:80 - create IPUIPlugin
2023-08-23 13:30:39,762 [INFO] IPUIPlugin:80 - create IPUIPlugin
2023-08-23 13:30:39,762 [INFO] IPUIPlugin:80 - create IPUIPlugin
2023-08-23 13:30:39,762 [INFO] IPUIPlugin:80 - create IPUIPlugin
2023-08-23 13:30:39,762 [INFO] IPUIPlugin:80 - create IPUIPlugin
2023-08-23 13:30:39,762 [INFO] IPUIPlugin:80 - create IPUIPlugin
2023-08-23 13:30:39,762 [INFO] IPUIPlugin:80 - create IPUIPlugin
2023-08-23 13:30:39,762 [INFO] IPUIPlugin:80 - create IPUIPlugin
2023-08-23 13:30:39,762 [INFO] IPUIPlugin:80 - create IPUIPlugin
2023-08-23 13:30:39,762 [INFO] IPUIPlugin:80 - create IPUIPlugin
2023-08-23 13:30:39,762 [INFO] IPUIPlugin:80 - create IPUIPlugin
2023-08-23 13:30:39,762 [INFO] IPUIPlugin:80 - create IPUIPlugin
2023-08-23 13:30:39,762 [INFO] IPUIPlugin:80 - create IPUIPlugin
2023-08-23 13:30:39,762 [INFO] IPUIPlugin:80 - create IPUIPlugin
2023-08-23 13:30:39,762 [INFO] IPUIPlugin:80 - create IPUIPlugin
2023-08-23 13:30:39,770 [INFO] IPUIPlugin:80 - create IPUIPlugin
2023-08-23 13:30:39,770 [INFO] IPUIPlugin:80 - create IPUIPlugin
2023-08-23 13:30:39,770 [INFO] IPUIPlugin:80 - create IPUIPlugin
2023-08-23 13:30:39,770 [INFO] IPUIPlugin:80 - create IPUIPlugin
2023-08-23 13:30:39,770 [INFO] IPUIPlugin:80 - create IPUIPlugin
2023-08-23 13:30:39,795 [INFO] CADModel:165 - CPN selected for project levelSTM32G030K8T6
2023-08-23 13:30:39,795 [INFO] CADModel:114 - Register for checkConnection events
2023-08-23 13:30:39,855 [INFO] OpenFileManager:328 - Restore cursor
2023-08-23 13:30:40,303 [INFO] UtilMem:75 - End SaveConfig() Used Memory: 420376144 Bytes (972029952)
2023-08-23 13:30:40,365 [INFO] UtilMem:75 - End SaveConfig() Used Memory: 431910480 Bytes (972029952)
2023-08-23 13:30:40,678 [INFO] BlockDiagram:2759 - set Specific Code input for plugin: RCC
2023-08-23 13:30:40,678 [INFO] BlockDiagram:2759 - set Specific Code input for plugin: NVIC
2023-08-23 13:30:40,680 [INFO] CodeGenerator:799 - code generatio: config db path: C:\ST\STM32CubeIDE_1.11.0\STM32CubeIDE\plugins\com.st.stm32cube.common.mx_6.9.1.202307191849\\db\
2023-08-23 13:30:41,131 [INFO] CodeEngine:255 - oldGeneratedFile, C:\Users\deniz.gurhan.CIZGI\Desktop\Workspace_1_11_0\bl_driver\MXTmpFiles\license.tmp_save
2023-08-23 13:30:41,340 [INFO] CodeEngine:279 - Generated code: C:\Users\deniz.gurhan.CIZGI\Desktop\Workspace_1_11_0\bl_driver\MXTmpFiles\license.tmp
2023-08-23 13:30:41,371 [INFO] CodeEngine:255 - oldGeneratedFile, C:\Users\deniz.gurhan.CIZGI\Desktop\Workspace_1_11_0\bl_driver\Core\Src\stm32g0xx_it.c_save
2023-08-23 13:30:41,712 [INFO] CodeEngine:279 - Generated code: C:\Users\deniz.gurhan.CIZGI\Desktop\Workspace_1_11_0\bl_driver\Core\Src\stm32g0xx_it.c
2023-08-23 13:30:41,730 [INFO] CodeEngine:255 - oldGeneratedFile, C:\Users\deniz.gurhan.CIZGI\Desktop\Workspace_1_11_0\bl_driver\Core\Inc\stm32g0xx_it.h_save
2023-08-23 13:30:41,856 [INFO] CodeEngine:279 - Generated code: C:\Users\deniz.gurhan.CIZGI\Desktop\Workspace_1_11_0\bl_driver\Core\Inc\stm32g0xx_it.h
2023-08-23 13:30:41,935 [INFO] CodeEngine:255 - oldGeneratedFile, C:\Users\deniz.gurhan.CIZGI\Desktop\Workspace_1_11_0\bl_driver\Core\Src\stm32g0xx_hal_msp.c_save
2023-08-23 13:30:42,131 [INFO] CodeEngine:279 - Generated code: C:\Users\deniz.gurhan.CIZGI\Desktop\Workspace_1_11_0\bl_driver\Core\Src\stm32g0xx_hal_msp.c
2023-08-23 13:30:42,148 [INFO] CodeEngine:255 - oldGeneratedFile, C:\Users\deniz.gurhan.CIZGI\Desktop\Workspace_1_11_0\bl_driver\MXTmpFiles\system.tmp_save
2023-08-23 13:30:42,245 [INFO] CodeEngine:279 - Generated code: C:\Users\deniz.gurhan.CIZGI\Desktop\Workspace_1_11_0\bl_driver\MXTmpFiles\system.tmp
2023-08-23 13:30:42,271 [INFO] CodeEngine:311 - oldGeneratedFile, C:\Users\deniz.gurhan.CIZGI\Desktop\Workspace_1_11_0\bl_driver\Core\Inc\stm32g0xx_hal_conf.h_save
2023-08-23 13:30:42,449 [INFO] CodeEngine:335 - Generated code: C:\Users\deniz.gurhan.CIZGI\Desktop\Workspace_1_11_0\bl_driver\Core\Inc\stm32g0xx_hal_conf.h
2023-08-23 13:30:42,517 [INFO] CodeEngine:255 - oldGeneratedFile, C:\Users\deniz.gurhan.CIZGI\Desktop\Workspace_1_11_0\bl_driver\Core\Inc\main.h_save
2023-08-23 13:30:42,726 [INFO] CodeEngine:279 - Generated code: C:\Users\deniz.gurhan.CIZGI\Desktop\Workspace_1_11_0\bl_driver\Core\Inc\main.h
2023-08-23 13:30:42,746 [INFO] CodeEngine:255 - oldGeneratedFile, C:\Users\deniz.gurhan.CIZGI\Desktop\Workspace_1_11_0\bl_driver\Core\Src\main.c_save
2023-08-23 13:30:42,924 [INFO] CodeEngine:279 - Generated code: C:\Users\deniz.gurhan.CIZGI\Desktop\Workspace_1_11_0\bl_driver\Core\Src\main.c
2023-08-23 13:30:43,972 [INFO] ProjectBuilder:3064 - Time for Copy HAL[1] : 238mS.
2023-08-23 13:30:43,979 [INFO] ProjectBuilder:4404 - Project Generator version: 4.1.0
2023-08-23 13:30:44,399 [INFO] ConfigFileManager:1457 - The Die is : DIE466
2023-08-23 13:30:44,418 [INFO] ApiDbMcu:507 - Load IP Config File for FATFS
2023-08-23 13:30:44,443 [INFO] ApiDbMcu:507 - Load IP Config File for FREERTOS
2023-08-23 13:30:49,321 [INFO] ProjectBuilder:4626 - Time for Generating toolchain IDE Files: 5342mS.
2023-08-23 13:30:49,323 [INFO] ProjectBuilder:2935 - Time for Copy CMSIS : 1mS.
2023-08-23 13:30:49,327 [INFO] ProjectBuilder:2935 - Time for Copy CMSIS : 0mS.
2023-08-23 13:30:49,661 [INFO] McuFinderGlobals:76 - Set McuFinderConnectedMode to true
2023-08-23 13:30:49,664 [INFO] ApiDb:448 - Save user favorites file C:\Users\deniz.gurhan.CIZGI/.stm32cubeide/favorites.mcus.txt: 0 item(s)
2023-08-23 13:30:49,664 [INFO] ApiDb:452 - User favorites MCUs=[]
2023-08-23 13:34:31,072 [INFO] MainUpdater:2868 - connection check result : 10
2023-08-23 13:34:31,149 [INFO] McuFinderGlobals:76 - Set McuFinderConnectedMode to true
2023-08-23 13:34:31,150 [INFO] MultiScanPanel:200 - Auto-refresh data requested => check proxy status ongoing
2023-08-23 13:34:31,150 [INFO] FinderPluginLoader:95 - Searching for filters in installed packs
2023-08-23 13:34:31,772 [INFO] LoadUrlFilesThread:185 - End of LoadServerUrlFiles without Thread
2023-08-23 13:34:31,772 [INFO] DetailPanel:341 - Set advertising image to C:/Users/deniz.gurhan.CIZGI/STM32Cube/Repository/\en.prom-stm32h5-mcu-finder.jpg
2023-08-23 13:35:28,353 [INFO] MainUpdater:2868 - connection check result : 10
2023-08-23 13:35:28,353 [INFO] MainUpdater:2868 - connection check result : 10
2023-08-23 13:35:28,363 [INFO] MicroXplorer:468 - Change Database Path : 
2023-08-23 13:35:28,363 [INFO] MicroXplorer:498 - Change Database Version : DB.6.0.91
2023-08-23 13:35:28,389 [WARN] ThirdParty:871 - waiting for thirdparty lock release [close project]
2023-08-23 13:35:28,389 [INFO] ThirdParty:873 - entering critical section [close project]
2023-08-23 13:35:28,389 [INFO] ThirdParty:883 - exiting critical section [close project]
2023-08-23 13:35:28,390 [INFO] PinOutPanel:1499 - setPackage(No Configuration,No Configuration)
2023-08-23 13:35:28,392 [INFO] UtilMem:75 - Begin LoadConfig() Used Memory: 644134088 Bytes (1038090240)
2023-08-23 13:35:28,393 [INFO] MicroXplorer:468 - Change Database Path : 
2023-08-23 13:35:28,393 [INFO] MicroXplorer:498 - Change Database Version : DB.6.0.91
2023-08-23 13:35:28,393 [INFO] OpenFileManager:308 - Change cursor
2023-08-23 13:35:28,409 [INFO] RulesReader:64 - Compatibility file has been processed (293 Rules)
2023-08-23 13:35:28,416 [INFO] Mcu:1946 - Initializing MCU STM32G030K8Tx STM32G030K8Tx STM32G030K8T6
2023-08-23 13:35:29,424 [INFO] Context:659 - Trying to add GPIOservice into a context  which must be forbidden
2023-08-23 13:35:29,762 [INFO] ImportTextPane:194 - (OptionalMessage_ERROR) Unable to find key (Mcu.ThirdPartyNb) in loaded IOC file
2023-08-23 13:35:29,762 [INFO] ImportTextPane:194 - (OptionalMessage_ERROR) Unable to find key (Mcu.PinsNb) in loaded IOC file
2023-08-23 13:35:29,762 [INFO] ImportTextPane:194 - (OptionalMessage_ERROR) Unable to find key (Mcu.IPNb) in loaded IOC file
2023-08-23 13:35:29,931 [INFO] RtosManager:555 - Registered RTOS mode: class=CMSIS, group=RTOS, mode=CMSIS_V1, owner=FREERTOS
2023-08-23 13:35:29,931 [INFO] RtosManager:555 - Registered RTOS mode: class=CMSIS, group=RTOS2, mode=CMSIS_V2, owner=FREERTOS
2023-08-23 13:35:29,931 [INFO] RtosManager:555 - Registered RTOS mode: class=RTOS, group=Core, mode=CMSIS_V1, owner=FREERTOS
2023-08-23 13:35:29,932 [INFO] RtosManager:555 - Registered RTOS mode: class=RTOS, group=Core, mode=CMSIS_V2, owner=FREERTOS
2023-08-23 13:35:29,932 [WARN] ModelIntegratedComponent:184 - Missing modes for component STMicroelectronics:FreeRTOS:0.0.1:STMicroelectronics:RTOS:FreeRTOS:Core:::10.2.0:
2023-08-23 13:35:29,942 [WARN] ModelIntegratedComponent:63 - No mode defined for component null
2023-08-23 13:35:29,942 [WARN] ModelIntegratedComponent:63 - No mode defined for component null
2023-08-23 13:35:29,942 [WARN] ModelIntegratedComponent:63 - No mode defined for component null
2023-08-23 13:35:29,942 [WARN] ModelIntegratedComponent:63 - No mode defined for component null
2023-08-23 13:35:29,942 [WARN] ModelIntegratedComponent:63 - No mode defined for component null
2023-08-23 13:35:29,942 [WARN] ModelIntegratedComponent:63 - No mode defined for component null
2023-08-23 13:35:29,942 [WARN] ModelIntegratedComponent:63 - No mode defined for component null
2023-08-23 13:35:29,942 [WARN] ModelIntegratedComponent:63 - No mode defined for component null
2023-08-23 13:35:29,942 [WARN] ModelIntegratedComponent:63 - No mode defined for component null
2023-08-23 13:35:29,942 [WARN] ModelIntegratedComponent:63 - No mode defined for component null
2023-08-23 13:35:29,942 [WARN] ModelIntegratedComponent:63 - No mode defined for component null
2023-08-23 13:35:29,942 [WARN] ModelIntegratedComponent:63 - No mode defined for component null
2023-08-23 13:35:29,942 [WARN] ModelIntegratedComponent:63 - No mode defined for component null
2023-08-23 13:35:29,942 [WARN] ModelIntegratedComponent:63 - No mode defined for component null
2023-08-23 13:35:29,943 [WARN] ModelIntegratedComponent:63 - No mode defined for component null
2023-08-23 13:35:29,943 [WARN] ModelIntegratedComponent:63 - No mode defined for component null
2023-08-23 13:35:29,943 [WARN] ModelIntegratedComponent:63 - No mode defined for component null
2023-08-23 13:35:29,943 [WARN] ModelIntegratedComponent:63 - No mode defined for component null
2023-08-23 13:35:29,943 [WARN] ModelIntegratedComponent:63 - No mode defined for component null
2023-08-23 13:35:29,943 [WARN] ModelIntegratedComponent:63 - No mode defined for component null
2023-08-23 13:35:29,943 [WARN] ModelIntegratedComponent:63 - No mode defined for component null
2023-08-23 13:35:29,943 [WARN] ModelIntegratedComponent:63 - No mode defined for component null
2023-08-23 13:35:29,943 [WARN] ModelIntegratedComponent:63 - No mode defined for component null
2023-08-23 13:35:29,943 [WARN] ModelIntegratedComponent:63 - No mode defined for component null
2023-08-23 13:35:29,943 [WARN] ModelIntegratedComponent:63 - No mode defined for component null
2023-08-23 13:35:29,943 [WARN] ModelIntegratedComponent:63 - No mode defined for component null
2023-08-23 13:35:29,943 [WARN] ModelIntegratedComponent:63 - No mode defined for component null
2023-08-23 13:35:29,943 [WARN] ModelIntegratedComponent:63 - No mode defined for component null
2023-08-23 13:35:29,943 [WARN] ModelIntegratedComponent:63 - No mode defined for component null
2023-08-23 13:35:29,943 [WARN] ModelIntegratedComponent:63 - No mode defined for component null
2023-08-23 13:35:29,943 [WARN] ModelIntegratedComponent:63 - No mode defined for component null
2023-08-23 13:35:29,944 [WARN] ModelIntegratedComponent:63 - No mode defined for component null
2023-08-23 13:35:29,944 [WARN] ModelIntegratedComponent:63 - No mode defined for component null
2023-08-23 13:35:29,954 [INFO] ThirdPartyModel:298 - Start build external matchings
2023-08-23 13:35:30,562 [INFO] ThirdPartyModel:316 - End build external matchings
2023-08-23 13:35:30,732 [INFO] UtilMem:75 - End LoadConfig() Used Memory: 609599560 Bytes (1038090240)
2023-08-23 13:35:30,750 [WARN] ThirdParty:833 - waiting for thirdparty lock release [change project]
2023-08-23 13:35:30,750 [INFO] ThirdParty:835 - entering critical section [change project]
2023-08-23 13:35:30,750 [INFO] ThirdParty:1030 - CMSIS Pack Vendor :STMicroelectronics X-CUBE-ISPU 1.1.0
2023-08-23 13:35:30,750 [INFO] ThirdParty:1030 - CMSIS Pack Vendor :STMicroelectronics USBPD 4.1
2023-08-23 13:35:30,750 [INFO] ThirdParty:1030 - CMSIS Pack Vendor :STMicroelectronics X-CUBE-GNSS1 6.0.0
2023-08-23 13:35:30,750 [INFO] ThirdParty:1030 - CMSIS Pack Vendor :STMicroelectronics USB_HOST 2.0.0
2023-08-23 13:35:30,750 [INFO] ThirdParty:1030 - CMSIS Pack Vendor :STMicroelectronics X-CUBE-AZRTOS-F4 1.1.0
2023-08-23 13:35:30,750 [INFO] ThirdParty:1030 - CMSIS Pack Vendor :STMicroelectronics LIBJPEG 8.0.0
2023-08-23 13:35:30,750 [INFO] ThirdParty:1030 - CMSIS Pack Vendor :wolfSSL I-CUBE-wolfSSL 5.6.3
2023-08-23 13:35:30,750 [INFO] ThirdParty:1030 - CMSIS Pack Vendor :STMicroelectronics X-CUBE-SMBUS 2.1.0
2023-08-23 13:35:30,750 [INFO] ThirdParty:1030 - CMSIS Pack Vendor :STMicroelectronics USB_DEVICE 3.0.0
2023-08-23 13:35:30,750 [INFO] ThirdParty:1030 - CMSIS Pack Vendor :STMicroelectronics X-CUBE-AZRTOS-WB 2.0.0
2023-08-23 13:35:30,750 [INFO] ThirdParty:1030 - CMSIS Pack Vendor :STMicroelectronics X-CUBE-FREERTOS 1.0.1
2023-08-23 13:35:30,751 [INFO] ThirdParty:1030 - CMSIS Pack Vendor :STMicroelectronics X-CUBE-AZRTOS-F7 1.1.0
2023-08-23 13:35:30,751 [INFO] ThirdParty:1030 - CMSIS Pack Vendor :STMicroelectronics X-CUBE-AZRTOS-L5 2.0.0
2023-08-23 13:35:30,751 [INFO] ThirdParty:1030 - CMSIS Pack Vendor :STMicroelectronics USB_DEVICE 2.0.0
2023-08-23 13:35:30,751 [INFO] ThirdParty:1030 - CMSIS Pack Vendor :STMicroelectronics X-CUBE-MEMS1 9.6.0
2023-08-23 13:35:30,751 [INFO] ThirdParty:1030 - CMSIS Pack Vendor :STMicroelectronics FP-SNS-MOTENV1 4.3.2
2023-08-23 13:35:30,751 [INFO] ThirdParty:1030 - CMSIS Pack Vendor :STMicroelectronics X-CUBE-ALGOBUILD 1.3.0
2023-08-23 13:35:30,751 [INFO] ThirdParty:1030 - CMSIS Pack Vendor :STMicroelectronics X-CUBE-BLE1 6.2.4
2023-08-23 13:35:30,751 [INFO] ThirdParty:1030 - CMSIS Pack Vendor :STMicroelectronics X-CUBE-AZRTOS-L5 1.1.0
2023-08-23 13:35:30,751 [INFO] ThirdParty:1030 - CMSIS Pack Vendor :STMicroelectronics FreeRTOS 0.0.1
2023-08-23 13:35:30,751 [INFO] ThirdParty:1030 - CMSIS Pack Vendor :STMicroelectronics X-CUBE-AZRTOS-G0 1.1.0
2023-08-23 13:35:30,751 [INFO] ThirdParty:1030 - CMSIS Pack Vendor :STMicroelectronics X-CUBE-BLEMGR 2.0.0
2023-08-23 13:35:30,751 [INFO] ThirdParty:1030 - CMSIS Pack Vendor :STMicroelectronics X-CUBE-NFC4 3.0.0
2023-08-23 13:35:30,751 [INFO] ThirdParty:1030 - CMSIS Pack Vendor :STMicroelectronics X-CUBE-SUBG2 5.0.0
2023-08-23 13:35:30,751 [INFO] ThirdParty:1030 - CMSIS Pack Vendor :STMicroelectronics STM32_WPAN 1.0.0
2023-08-23 13:35:30,751 [INFO] ThirdParty:1030 - CMSIS Pack Vendor :STMicroelectronics lwIP 2.0.3
2023-08-23 13:35:30,751 [INFO] ThirdParty:1030 - CMSIS Pack Vendor :STMicroelectronics FP-SNS-FLIGHT1 5.0.2
2023-08-23 13:35:30,751 [INFO] ThirdParty:1030 - CMSIS Pack Vendor :STMicroelectronics USB_HOST 1.0.0
2023-08-23 13:35:30,752 [INFO] ThirdParty:1030 - CMSIS Pack Vendor :STMicroelectronics X-CUBE-TOF1 3.3.1
2023-08-23 13:35:30,752 [INFO] ThirdParty:1030 - CMSIS Pack Vendor :STMicroelectronics X-CUBE-AZRTOS-G4 2.0.0
2023-08-23 13:35:30,752 [INFO] ThirdParty:1030 - CMSIS Pack Vendor :STMicroelectronics PDM2PCM 3.1.0
2023-08-23 13:35:30,752 [INFO] ThirdParty:1030 - CMSIS Pack Vendor :STMicroelectronics X-CUBE-AZRTOS-H7 3.1.0
2023-08-23 13:35:30,752 [INFO] ThirdParty:1030 - CMSIS Pack Vendor :STMicroelectronics PDM2PCM 3.3.0
2023-08-23 13:35:30,752 [INFO] ThirdParty:1030 - CMSIS Pack Vendor :STMicroelectronics X-CUBE-DISPLAY 3.0.0
2023-08-23 13:35:30,752 [INFO] ThirdParty:1030 - CMSIS Pack Vendor :STMicroelectronics X-CUBE-BLE1 7.0.0
2023-08-23 13:35:30,752 [INFO] ThirdParty:1030 - CMSIS Pack Vendor :STMicroelectronics FP-ATR-SIGFOX1 3.2.0
2023-08-23 13:35:30,752 [INFO] ThirdParty:1030 - CMSIS Pack Vendor :STMicroelectronics HAL Drivers 0.0.0
2023-08-23 13:35:30,752 [INFO] ThirdParty:1030 - CMSIS Pack Vendor :STMicroelectronics MBEDTLS 2.16.2
2023-08-23 13:35:30,752 [INFO] ThirdParty:1030 - CMSIS Pack Vendor :emotas I-CUBE-CANOPEN 1.3.0
2023-08-23 13:35:30,752 [INFO] ThirdParty:1030 - CMSIS Pack Vendor :STMicroelectronics X-CUBE-TOUCHGFX 4.22.0
2023-08-23 13:35:30,752 [INFO] ThirdParty:1030 - CMSIS Pack Vendor :STMicroelectronics X-CUBE-NFC7 1.0.1
2023-08-23 13:35:30,752 [INFO] ThirdParty:1030 - CMSIS Pack Vendor :STMicroelectronics MBEDTLS 2.14.1
2023-08-23 13:35:30,752 [INFO] ThirdParty:1030 - CMSIS Pack Vendor :STMicroelectronics X-CUBE-EEPRMA1 4.1.0
2023-08-23 13:35:30,752 [INFO] ThirdParty:1030 - CMSIS Pack Vendor :portGmbH I-Cube-SoM-uGOAL 1.1.0
2023-08-23 13:35:30,752 [INFO] ThirdParty:1030 - CMSIS Pack Vendor :STMicroelectronics X-CUBE-ALS 1.0.1
2023-08-23 13:35:30,752 [INFO] ThirdParty:1030 - CMSIS Pack Vendor :STMicroelectronics ThreadX 1.0.0
2023-08-23 13:35:30,752 [INFO] ThirdParty:1030 - CMSIS Pack Vendor :STMicroelectronics X-CUBE-AZRTOS-WB 1.1.0
2023-08-23 13:35:30,752 [INFO] ThirdParty:1030 - CMSIS Pack Vendor :STMicroelectronics X-CUBE-AZRTOS-WL 2.0.0
2023-08-23 13:35:30,752 [INFO] ThirdParty:1030 - CMSIS Pack Vendor :SEGGER I-CUBE-embOS 1.3.1
2023-08-23 13:35:30,752 [INFO] ThirdParty:1030 - CMSIS Pack Vendor :STMicroelectronics USB_DEVICE 1.0.0
2023-08-23 13:35:30,753 [INFO] ThirdParty:1030 - CMSIS Pack Vendor :STMicroelectronics X-CUBE-AI 8.1.0
2023-08-23 13:35:30,753 [INFO] ThirdParty:1030 - CMSIS Pack Vendor :STMicroelectronics X-CUBE-AZRTOS-L4 2.0.0
2023-08-23 13:35:30,753 [INFO] ThirdParty:1030 - CMSIS Pack Vendor :STMicroelectronics ThreadX 0.0.2
2023-08-23 13:35:30,753 [INFO] ThirdParty:1030 - CMSIS Pack Vendor :WES I-CUBE-Cesium 1.3.0
2023-08-23 13:35:30,753 [INFO] ThirdParty:1030 - CMSIS Pack Vendor :STMicroelectronics FP-ATR-ASTRA1 2.0.0
2023-08-23 13:35:30,753 [INFO] ThirdParty:1030 - CMSIS Pack Vendor :STMicroelectronics lwIP 2.1.2
2023-08-23 13:35:30,753 [INFO] ThirdParty:1030 - CMSIS Pack Vendor :STMicroelectronics X-CUBE-SFXS2LP1 4.0.0
2023-08-23 13:35:30,753 [INFO] ThirdParty:1030 - CMSIS Pack Vendor :STMicroelectronics X-CUBE-BLE2 3.3.0
2023-08-23 13:35:30,753 [INFO] ThirdParty:1030 - CMSIS Pack Vendor :STMicroelectronics PDM2PCM 3.2.0
2023-08-23 13:35:30,753 [INFO] ThirdParty:841 - exiting critical section [change project]
2023-08-23 13:35:30,815 [INFO] PinOutPanel:1499 - setPackage(No Configuration,No Configuration)
2023-08-23 13:35:30,815 [INFO] PinOutPanel:1499 - setPackage(STM32G030K8Tx,LQFP32)
2023-08-23 13:35:30,955 [INFO] UtilMem:75 - Before build in PCC Used Memory: 343694480 Bytes (1038090240)
2023-08-23 13:35:31,313 [INFO] UtilMem:75 - After build in PCC Used Memory: 411325584 Bytes (1038090240)
2023-08-23 13:35:31,341 [INFO] IPUIPlugin:80 - create IPUIPlugin
2023-08-23 13:35:31,341 [INFO] IPUIPlugin:80 - create IPUIPlugin
2023-08-23 13:35:31,341 [INFO] IPUIPlugin:80 - create IPUIPlugin
2023-08-23 13:35:31,341 [INFO] IPUIPlugin:80 - create IPUIPlugin
2023-08-23 13:35:31,341 [INFO] IPUIPlugin:80 - create IPUIPlugin
2023-08-23 13:35:31,341 [INFO] IPUIPlugin:80 - create IPUIPlugin
2023-08-23 13:35:31,341 [INFO] IPUIPlugin:80 - create IPUIPlugin
2023-08-23 13:35:31,343 [INFO] IPUIPlugin:80 - create IPUIPlugin
2023-08-23 13:35:31,343 [INFO] IPUIPlugin:80 - create IPUIPlugin
2023-08-23 13:35:31,343 [INFO] IPUIPlugin:80 - create IPUIPlugin
2023-08-23 13:35:31,343 [INFO] IPUIPlugin:80 - create IPUIPlugin
2023-08-23 13:35:31,343 [INFO] IPUIPlugin:80 - create IPUIPlugin
2023-08-23 13:35:31,343 [INFO] IPUIPlugin:80 - create IPUIPlugin
2023-08-23 13:35:31,343 [INFO] IPUIPlugin:80 - create IPUIPlugin
2023-08-23 13:35:31,343 [INFO] IPUIPlugin:80 - create IPUIPlugin
2023-08-23 13:35:31,343 [INFO] IPUIPlugin:80 - create IPUIPlugin
2023-08-23 13:35:31,343 [INFO] IPUIPlugin:80 - create IPUIPlugin
2023-08-23 13:35:31,343 [INFO] IPUIPlugin:80 - create IPUIPlugin
2023-08-23 13:35:31,343 [INFO] IPUIPlugin:80 - create IPUIPlugin
2023-08-23 13:35:31,343 [INFO] IPUIPlugin:80 - create IPUIPlugin
2023-08-23 13:35:31,343 [INFO] IPUIPlugin:80 - create IPUIPlugin
2023-08-23 13:35:31,343 [INFO] IPUIPlugin:80 - create IPUIPlugin
2023-08-23 13:35:31,343 [INFO] IPUIPlugin:80 - create IPUIPlugin
2023-08-23 13:35:31,343 [INFO] IPUIPlugin:80 - create IPUIPlugin
2023-08-23 13:35:31,343 [INFO] IPUIPlugin:80 - create IPUIPlugin
2023-08-23 13:35:31,395 [INFO] CADModel:165 - CPN selected for project levelSTM32G030K8T6
2023-08-23 13:35:31,395 [INFO] CADModel:114 - Register for checkConnection events
2023-08-23 13:35:31,444 [INFO] OpenFileManager:328 - Restore cursor
2023-08-23 13:35:31,895 [INFO] UtilMem:75 - End SaveConfig() Used Memory: 460517040 Bytes (1038090240)
2023-08-23 13:35:31,978 [INFO] UtilMem:75 - End SaveConfig() Used Memory: 472142992 Bytes (1038090240)
2023-08-23 13:35:32,184 [INFO] BlockDiagram:2759 - set Specific Code input for plugin: RCC
2023-08-23 13:35:32,184 [INFO] BlockDiagram:2759 - set Specific Code input for plugin: NVIC
2023-08-23 13:35:32,186 [INFO] CodeGenerator:799 - code generatio: config db path: C:\ST\STM32CubeIDE_1.11.0\STM32CubeIDE\plugins\com.st.stm32cube.common.mx_6.9.1.202307191849\\db\
2023-08-23 13:35:32,368 [INFO] CodeEngine:255 - oldGeneratedFile, C:\Users\deniz.gurhan.CIZGI\Desktop\Workspace_1_11_0\aaaaa\MXTmpFiles\license.tmp_save
2023-08-23 13:35:32,518 [INFO] CodeEngine:279 - Generated code: C:\Users\deniz.gurhan.CIZGI\Desktop\Workspace_1_11_0\aaaaa\MXTmpFiles\license.tmp
2023-08-23 13:35:32,532 [INFO] CodeEngine:255 - oldGeneratedFile, C:\Users\deniz.gurhan.CIZGI\Desktop\Workspace_1_11_0\aaaaa\Core\Src\stm32g0xx_it.c_save
2023-08-23 13:35:32,688 [INFO] CodeEngine:279 - Generated code: C:\Users\deniz.gurhan.CIZGI\Desktop\Workspace_1_11_0\aaaaa\Core\Src\stm32g0xx_it.c
2023-08-23 13:35:32,693 [INFO] CodeEngine:255 - oldGeneratedFile, C:\Users\deniz.gurhan.CIZGI\Desktop\Workspace_1_11_0\aaaaa\Core\Inc\stm32g0xx_it.h_save
2023-08-23 13:35:32,784 [INFO] CodeEngine:279 - Generated code: C:\Users\deniz.gurhan.CIZGI\Desktop\Workspace_1_11_0\aaaaa\Core\Inc\stm32g0xx_it.h
2023-08-23 13:35:32,815 [INFO] CodeEngine:255 - oldGeneratedFile, C:\Users\deniz.gurhan.CIZGI\Desktop\Workspace_1_11_0\aaaaa\Core\Src\stm32g0xx_hal_msp.c_save
2023-08-23 13:35:32,961 [INFO] CodeEngine:279 - Generated code: C:\Users\deniz.gurhan.CIZGI\Desktop\Workspace_1_11_0\aaaaa\Core\Src\stm32g0xx_hal_msp.c
2023-08-23 13:35:32,966 [INFO] CodeEngine:255 - oldGeneratedFile, C:\Users\deniz.gurhan.CIZGI\Desktop\Workspace_1_11_0\aaaaa\MXTmpFiles\system.tmp_save
2023-08-23 13:35:33,083 [INFO] CodeEngine:279 - Generated code: C:\Users\deniz.gurhan.CIZGI\Desktop\Workspace_1_11_0\aaaaa\MXTmpFiles\system.tmp
2023-08-23 13:35:33,096 [INFO] CodeEngine:311 - oldGeneratedFile, C:\Users\deniz.gurhan.CIZGI\Desktop\Workspace_1_11_0\aaaaa\Core\Inc\stm32g0xx_hal_conf.h_save
2023-08-23 13:35:33,278 [INFO] CodeEngine:335 - Generated code: C:\Users\deniz.gurhan.CIZGI\Desktop\Workspace_1_11_0\aaaaa\Core\Inc\stm32g0xx_hal_conf.h
2023-08-23 13:35:33,323 [INFO] CodeEngine:255 - oldGeneratedFile, C:\Users\deniz.gurhan.CIZGI\Desktop\Workspace_1_11_0\aaaaa\Core\Inc\main.h_save
2023-08-23 13:35:33,462 [INFO] CodeEngine:279 - Generated code: C:\Users\deniz.gurhan.CIZGI\Desktop\Workspace_1_11_0\aaaaa\Core\Inc\main.h
2023-08-23 13:35:33,467 [INFO] CodeEngine:255 - oldGeneratedFile, C:\Users\deniz.gurhan.CIZGI\Desktop\Workspace_1_11_0\aaaaa\Core\Src\main.c_save
2023-08-23 13:35:33,606 [INFO] CodeEngine:279 - Generated code: C:\Users\deniz.gurhan.CIZGI\Desktop\Workspace_1_11_0\aaaaa\Core\Src\main.c
2023-08-23 13:35:34,498 [INFO] ProjectBuilder:3064 - Time for Copy HAL[1] : 201mS.
2023-08-23 13:35:34,506 [INFO] ProjectBuilder:4404 - Project Generator version: 4.1.0
2023-08-23 13:35:34,920 [INFO] ConfigFileManager:1457 - The Die is : DIE466
2023-08-23 13:35:34,920 [INFO] ApiDbMcu:507 - Load IP Config File for FATFS
2023-08-23 13:35:34,930 [INFO] ApiDbMcu:507 - Load IP Config File for FREERTOS
2023-08-23 13:35:37,984 [INFO] ProjectBuilder:4626 - Time for Generating toolchain IDE Files: 3476mS.
2023-08-23 13:35:37,985 [INFO] ProjectBuilder:2935 - Time for Copy CMSIS : 1mS.
2023-08-23 13:35:37,990 [INFO] ProjectBuilder:2935 - Time for Copy CMSIS : 0mS.
2023-08-23 13:35:38,296 [INFO] McuFinderGlobals:76 - Set McuFinderConnectedMode to true
2023-08-23 13:35:38,298 [INFO] ApiDb:448 - Save user favorites file C:\Users\deniz.gurhan.CIZGI/.stm32cubeide/favorites.mcus.txt: 0 item(s)
2023-08-23 13:35:38,298 [INFO] ApiDb:452 - User favorites MCUs=[]
2023-08-23 16:49:02,588 [INFO] Activator:176 - 


2023-08-23 16:49:02,591 [INFO] Activator:177 - !SESSION log4j initialized
2023-08-23 16:49:12,695 [INFO] LogOutputStream:77 - [STDOUT_REDIRECT] 
2023-08-23 16:49:26,746 [INFO] ApplicationProperties:184 - Using Application install path: C:\ST\STM32CubeIDE_1.11.0\STM32CubeIDE\plugins\com.st.stm32cube.common.mx_6.9.1.202307191849
2023-08-23 16:49:26,772 [INFO] DbMcusXml:78 - Set database path to: C:\ST\STM32CubeIDE_1.11.0\STM32CubeIDE\plugins\com.st.stm32cube.common.mx_6.9.1.202307191849\\db\/mcu/
2023-08-23 16:49:26,773 [INFO] ApiDb:274 - Set plugin database path to: C:\ST\STM32CubeIDE_1.11.0\STM32CubeIDE\plugins\com.st.stm32cube.common.mx_6.9.1.202307191849\\db\/plugins/boardmanager/
2023-08-23 16:49:26,773 [WARN] ApiDb:259 - Overriding images path with different value:  => C:\ST\STM32CubeIDE_1.11.0\STM32CubeIDE\plugins\com.st.stm32cube.common.mx_6.9.1.202307191849\\db\/plugins/mcufinder/images/
2023-08-23 16:49:26,788 [INFO] ApiDb:250 - Set database path to: C:\Users\deniz.gurhan.CIZGI\.stmcufinder\plugins\mcufinder//mcu/
2023-08-23 16:49:26,789 [INFO] DbMcusAds:125 - Set database path to: C:\Users\deniz.gurhan.CIZGI\.stmcufinder\plugins\mcufinder//mcu/
2023-08-23 16:49:26,796 [INFO] CrossReferenceDbSqlite:203 - Set database path to: C:\Users\deniz.gurhan.CIZGI\.stmcufinder\plugins\mcufinder//mcu/cs/
2023-08-23 16:49:26,942 [INFO] RulesReader:64 - Compatibility file has been processed (293 Rules)
2023-08-23 16:49:27,043 [INFO] DbMcusXml:78 - Set database path to: C:\ST\STM32CubeIDE_1.11.0\STM32CubeIDE\plugins\com.st.stm32cube.common.mx_6.9.1.202307191849\\db\/mcu/
2023-08-23 16:49:27,044 [INFO] ApiDb:274 - Set plugin database path to: C:\ST\STM32CubeIDE_1.11.0\STM32CubeIDE\plugins\com.st.stm32cube.common.mx_6.9.1.202307191849\\db\/plugins/boardmanager/
2023-08-23 16:49:27,044 [INFO] ApiDb:261 - Set plugin images path to: C:\ST\STM32CubeIDE_1.11.0\STM32CubeIDE\plugins\com.st.stm32cube.common.mx_6.9.1.202307191849\\db\/plugins/mcufinder/images/
2023-08-23 16:49:27,044 [WARN] DbFile:41 - Overriding database path with different value: C:\Users\deniz.gurhan.CIZGI\.stmcufinder\plugins\mcufinder/ => C:\Users\deniz.gurhan.CIZGI\.stmcufinder\plugins\mcufinder
2023-08-23 16:49:27,044 [INFO] ApiDb:250 - Set database path to: C:\Users\deniz.gurhan.CIZGI\.stmcufinder\plugins\mcufinder//mcu/
2023-08-23 16:49:27,044 [WARN] DbFile:41 - Overriding database path with different value: C:\Users\deniz.gurhan.CIZGI\.stmcufinder\plugins\mcufinder/ => C:\Users\deniz.gurhan.CIZGI\.stmcufinder\plugins\mcufinder
2023-08-23 16:49:27,044 [INFO] DbMcusAds:125 - Set database path to: C:\Users\deniz.gurhan.CIZGI\.stmcufinder\plugins\mcufinder//mcu/
2023-08-23 16:49:27,045 [WARN] DbFile:41 - Overriding database path with different value: C:\Users\deniz.gurhan.CIZGI\.stmcufinder\plugins\mcufinder/ => C:\Users\deniz.gurhan.CIZGI\.stmcufinder\plugins\mcufinder
2023-08-23 16:49:27,045 [WARN] DbFile:41 - Overriding database path with different value: C:\Users\deniz.gurhan.CIZGI\.stmcufinder\plugins\mcufinder/ => C:\Users\deniz.gurhan.CIZGI\.stmcufinder\plugins\mcufinder
2023-08-23 16:49:27,045 [INFO] CrossReferenceDbSqlite:203 - Set database path to: C:\Users\deniz.gurhan.CIZGI\.stmcufinder\plugins\mcufinder//mcu/cs/
2023-08-23 16:49:27,139 [INFO] MainPanel:262 - HeapMemory: 268435456
2023-08-23 16:49:27,242 [INFO] DbMcusXml:78 - Set database path to: C:\ST\STM32CubeIDE_1.11.0\STM32CubeIDE\plugins\com.st.stm32cube.common.mx_6.9.1.202307191849\\db\/mcu/
2023-08-23 16:49:27,242 [INFO] ApiDb:274 - Set plugin database path to: C:\ST\STM32CubeIDE_1.11.0\STM32CubeIDE\plugins\com.st.stm32cube.common.mx_6.9.1.202307191849\\db\/plugins/boardmanager/
2023-08-23 16:49:27,242 [INFO] ApiDb:261 - Set plugin images path to: C:\ST\STM32CubeIDE_1.11.0\STM32CubeIDE\plugins\com.st.stm32cube.common.mx_6.9.1.202307191849\\db\/plugins/mcufinder/images/
2023-08-23 16:49:27,243 [WARN] DbFile:41 - Overriding database path with different value: C:\Users\deniz.gurhan.CIZGI\.stmcufinder\plugins\mcufinder/ => C:\Users\deniz.gurhan.CIZGI\.stmcufinder\plugins\mcufinder
2023-08-23 16:49:27,243 [INFO] ApiDb:250 - Set database path to: C:\Users\deniz.gurhan.CIZGI\.stmcufinder\plugins\mcufinder//mcu/
2023-08-23 16:49:27,243 [WARN] DbFile:41 - Overriding database path with different value: C:\Users\deniz.gurhan.CIZGI\.stmcufinder\plugins\mcufinder/ => C:\Users\deniz.gurhan.CIZGI\.stmcufinder\plugins\mcufinder
2023-08-23 16:49:27,243 [INFO] DbMcusAds:125 - Set database path to: C:\Users\deniz.gurhan.CIZGI\.stmcufinder\plugins\mcufinder//mcu/
2023-08-23 16:49:27,243 [WARN] DbFile:41 - Overriding database path with different value: C:\Users\deniz.gurhan.CIZGI\.stmcufinder\plugins\mcufinder/ => C:\Users\deniz.gurhan.CIZGI\.stmcufinder\plugins\mcufinder
2023-08-23 16:49:27,243 [WARN] DbFile:41 - Overriding database path with different value: C:\Users\deniz.gurhan.CIZGI\.stmcufinder\plugins\mcufinder/ => C:\Users\deniz.gurhan.CIZGI\.stmcufinder\plugins\mcufinder
2023-08-23 16:49:27,244 [INFO] CrossReferenceDbSqlite:203 - Set database path to: C:\Users\deniz.gurhan.CIZGI\.stmcufinder\plugins\mcufinder//mcu/cs/
2023-08-23 16:49:27,272 [INFO] ApplicationProperties:184 - Using Application install path: C:\ST\STM32CubeIDE_1.11.0\STM32CubeIDE\plugins\com.st.stm32cube.common.mx_6.9.1.202307191849
2023-08-23 16:49:27,274 [INFO] PluginManage:196 - Search for loadable plugins [exclusion list=, ]
2023-08-23 16:49:27,276 [INFO] PluginManage:310 - Check plugin analytics
2023-08-23 16:49:32,087 [INFO] AnalyticsPlugin:253 - Accepted Software Licenses: 
2023-08-23 16:49:32,088 [INFO] AnalyticsPlugin:255 - Accepted CMSIS Pack Licenses: 
2023-08-23 16:49:32,088 [INFO] AnalyticsPlugin:257 - Accepted Firmware Licenses: 
2023-08-23 16:49:32,092 [INFO] PluginManage:359 - Loaded plugin analytics (category:tool,tabindex:-1)
2023-08-23 16:49:32,093 [INFO] PluginManage:310 - Check plugin cadmodel
2023-08-23 16:49:32,117 [INFO] CADModel:105 - Init CAD model plugin
2023-08-23 16:49:32,117 [INFO] PluginManage:359 - Loaded plugin cadmodel (category:power,tabindex:5)
2023-08-23 16:49:32,118 [INFO] PluginManage:310 - Check plugin clock
2023-08-23 16:49:32,152 [INFO] PluginManage:359 - Loaded plugin clock (category:base,tabindex:2)
2023-08-23 16:49:32,153 [INFO] PluginManage:310 - Check plugin ddr
2023-08-23 16:49:32,156 [INFO] PluginManage:359 - Loaded plugin ddr (category:tool,tabindex:6)
2023-08-23 16:49:32,157 [INFO] PluginManage:310 - Check plugin filemanager
2023-08-23 16:49:32,381 [INFO] PluginManage:359 - Loaded plugin filemanager (category:base,tabindex:10)
2023-08-23 16:49:32,381 [INFO] PluginManage:310 - Check plugin ipmanager
2023-08-23 16:49:32,393 [INFO] PluginManage:359 - Loaded plugin ipmanager (category:base,tabindex:5)
2023-08-23 16:49:32,393 [INFO] PluginManage:310 - Check plugin lpbam
2023-08-23 16:49:32,423 [INFO] PluginManage:359 - Loaded plugin lpbam (category:base,tabindex:0)
2023-08-23 16:49:32,423 [INFO] PluginManage:310 - Check plugin memorymap
2023-08-23 16:49:32,455 [INFO] PluginManage:359 - Loaded plugin memorymap (category:base,tabindex:4)
2023-08-23 16:49:32,456 [INFO] PluginManage:310 - Check plugin pinoutandconfiguration
2023-08-23 16:49:32,481 [INFO] PluginManage:359 - Loaded plugin pinoutandconfiguration (category:base,tabindex:1)
2023-08-23 16:49:32,482 [INFO] PluginManage:310 - Check plugin pinoutconfig
2023-08-23 16:49:32,692 [WARN] SupportedApi:132 - Cannot load RTOS API schema: s4s-elt-must-match.1: The content of 'definitions' must match (annotation?, (simpleType | complexType)?, (unique | key | keyref)*)). A problem was found starting at: attribute.
2023-08-23 16:49:32,970 [INFO] PluginManage:359 - Loaded plugin pinoutconfig (category:base,tabindex:0)
2023-08-23 16:49:32,970 [INFO] PluginManage:310 - Check plugin power
2023-08-23 16:49:33,009 [INFO] PluginManage:359 - Loaded plugin power (category:power,tabindex:4)
2023-08-23 16:49:33,009 [INFO] PluginManage:310 - Check plugin projectmanager
2023-08-23 16:49:33,036 [INFO] PluginManage:359 - Loaded plugin projectmanager (category:projectmanager,tabindex:3)
2023-08-23 16:49:33,036 [INFO] PluginManage:310 - Check plugin thirdparty
2023-08-23 16:49:33,581 [INFO] PluginManage:359 - Loaded plugin thirdparty (category:base,tabindex:-1)
2023-08-23 16:49:33,581 [WARN] IntegrityCheckThread:84 - waiting for thirdparty lock release [integrity check]
2023-08-23 16:49:33,582 [INFO] IntegrityCheckThread:86 - entering critical section [integrity check]
2023-08-23 16:49:33,582 [INFO] PluginManage:310 - Check plugin tools
2023-08-23 16:49:33,582 [INFO] ThirdPartyUpdaterWithRetryManager:70 - Updater plugin not ready yet. [1/15]
2023-08-23 16:49:33,672 [INFO] PluginManage:359 - Loaded plugin tools (category:base,tabindex:7)
2023-08-23 16:49:33,672 [INFO] PluginManage:310 - Check plugin tutovideos
2023-08-23 16:49:34,182 [INFO] PluginManage:359 - Loaded plugin tutovideos (category:base,tabindex:-1)
2023-08-23 16:49:34,182 [INFO] PluginManage:310 - Check plugin updater
2023-08-23 16:49:34,208 [INFO] PluginManage:359 - Loaded plugin updater (category:base,tabindex:12)
2023-08-23 16:49:34,208 [INFO] PluginManage:310 - Check plugin userauth
2023-08-23 16:49:34,220 [INFO] UserAuth:113 - Init User Auth plugin
2023-08-23 16:49:34,220 [INFO] PluginManage:359 - Loaded plugin userauth (category:base,tabindex:14)
2023-08-23 16:49:34,223 [INFO] PluginManage:283 - PluginManage : Loaded plugins [17]
2023-08-23 16:49:34,585 [INFO] PinOutPanel:1499 - setPackage(No Configuration,No Configuration)
2023-08-23 16:49:34,759 [INFO] CADModel:165 - CPN selected for project level
2023-08-23 16:49:34,760 [INFO] CADModel:114 - Register for checkConnection events
2023-08-23 16:49:34,797 [INFO] IPUIPlugin:80 - create IPUIPlugin
2023-08-23 16:49:34,797 [INFO] PluginManager:220 - loadIPPluginJar : add adc
2023-08-23 16:49:34,853 [INFO] IPUIPlugin:80 - create IPUIPlugin
2023-08-23 16:49:34,853 [INFO] PluginManager:220 - loadIPPluginJar : add aes
2023-08-23 16:49:34,913 [INFO] IPUIPlugin:80 - create IPUIPlugin
2023-08-23 16:49:34,913 [INFO] PluginManager:220 - loadIPPluginJar : add can
2023-08-23 16:49:34,944 [INFO] IPUIPlugin:80 - create IPUIPlugin
2023-08-23 16:49:34,945 [INFO] PluginManager:220 - loadIPPluginJar : add comp
2023-08-23 16:49:34,989 [INFO] IPUIPlugin:80 - create IPUIPlugin
2023-08-23 16:49:34,990 [INFO] PluginManager:220 - loadIPPluginJar : add cryp
2023-08-23 16:49:35,027 [INFO] IPUIPlugin:80 - create IPUIPlugin
2023-08-23 16:49:35,028 [INFO] PluginManager:220 - loadIPPluginJar : add dfsdm
2023-08-23 16:49:35,046 [INFO] IPUIPlugin:80 - create IPUIPlugin
2023-08-23 16:49:35,046 [INFO] PluginManager:220 - loadIPPluginJar : add dma
2023-08-23 16:49:35,099 [INFO] IPUIPlugin:80 - create IPUIPlugin
2023-08-23 16:49:35,099 [INFO] PluginManager:220 - loadIPPluginJar : add dma3
2023-08-23 16:49:35,125 [INFO] IPUIPlugin:80 - create IPUIPlugin
2023-08-23 16:49:35,125 [INFO] PluginManager:220 - loadIPPluginJar : add fatfs
2023-08-23 16:49:35,180 [INFO] IPUIPlugin:80 - create IPUIPlugin
2023-08-23 16:49:35,180 [INFO] PluginManager:220 - loadIPPluginJar : add fmc
2023-08-23 16:49:35,197 [INFO] IPUIPlugin:80 - create IPUIPlugin
2023-08-23 16:49:35,197 [INFO] PluginManager:220 - loadIPPluginJar : add freertos
2023-08-23 16:49:35,224 [INFO] IPUIPlugin:80 - create IPUIPlugin
2023-08-23 16:49:35,224 [INFO] PluginManager:220 - loadIPPluginJar : add genericplugin
2023-08-23 16:49:35,337 [INFO] IPUIPlugin:80 - create IPUIPlugin
2023-08-23 16:49:35,337 [INFO] PluginManager:220 - loadIPPluginJar : add gfxmmu
2023-08-23 16:49:35,476 [INFO] IPUIPlugin:80 - create IPUIPlugin
2023-08-23 16:49:35,476 [INFO] PluginManager:220 - loadIPPluginJar : add gic
2023-08-23 16:49:35,490 [INFO] IPUIPlugin:80 - create IPUIPlugin
2023-08-23 16:49:35,490 [INFO] PluginManager:220 - loadIPPluginJar : add gpio
2023-08-23 16:49:35,584 [INFO] IPUIPlugin:80 - create IPUIPlugin
2023-08-23 16:49:35,584 [INFO] PluginManager:220 - loadIPPluginJar : add gtzc
2023-08-23 16:49:35,617 [INFO] IPUIPlugin:80 - create IPUIPlugin
2023-08-23 16:49:35,617 [INFO] PluginManager:220 - loadIPPluginJar : add hash
2023-08-23 16:49:35,668 [INFO] IPUIPlugin:80 - create IPUIPlugin
2023-08-23 16:49:35,668 [INFO] PluginManager:220 - loadIPPluginJar : add i2c
2023-08-23 16:49:35,708 [INFO] IPUIPlugin:80 - create IPUIPlugin
2023-08-23 16:49:35,708 [INFO] PluginManager:220 - loadIPPluginJar : add i2s
2023-08-23 16:49:35,749 [INFO] IPUIPlugin:80 - create IPUIPlugin
2023-08-23 16:49:35,749 [INFO] PluginManager:220 - loadIPPluginJar : add i3c
2023-08-23 16:49:35,851 [INFO] IPUIPlugin:80 - create IPUIPlugin
2023-08-23 16:49:35,851 [INFO] PluginManager:220 - loadIPPluginJar : add ipddr
2023-08-23 16:49:35,935 [INFO] IPUIPlugin:80 - create IPUIPlugin
2023-08-23 16:49:35,935 [INFO] PluginManager:220 - loadIPPluginJar : add linkedlist
2023-08-23 16:49:35,968 [INFO] IPUIPlugin:80 - create IPUIPlugin
2023-08-23 16:49:35,968 [INFO] PluginManager:220 - loadIPPluginJar : add lorawan
2023-08-23 16:49:36,002 [INFO] IPUIPlugin:80 - create IPUIPlugin
2023-08-23 16:49:36,002 [INFO] PluginManager:220 - loadIPPluginJar : add ltdc
2023-08-23 16:49:36,016 [INFO] IPUIPlugin:80 - create IPUIPlugin
2023-08-23 16:49:36,016 [INFO] PluginManager:220 - loadIPPluginJar : add mdma
2023-08-23 16:49:36,028 [INFO] IPUIPlugin:80 - create IPUIPlugin
2023-08-23 16:49:36,028 [INFO] PluginManager:220 - loadIPPluginJar : add nvic
2023-08-23 16:49:36,061 [INFO] IPUIPlugin:80 - create IPUIPlugin
2023-08-23 16:49:36,061 [INFO] PluginManager:220 - loadIPPluginJar : add opamp
2023-08-23 16:49:36,115 [INFO] IPUIPlugin:80 - create IPUIPlugin
2023-08-23 16:49:36,115 [INFO] PluginManager:220 - loadIPPluginJar : add openamp
2023-08-23 16:49:36,159 [INFO] IPUIPlugin:80 - create IPUIPlugin
2023-08-23 16:49:36,160 [INFO] PluginManager:220 - loadIPPluginJar : add pdm2pcm
2023-08-23 16:49:36,173 [INFO] IPUIPlugin:80 - create IPUIPlugin
2023-08-23 16:49:36,175 [INFO] PluginManager:220 - loadIPPluginJar : add plateformsettings
2023-08-23 16:49:36,196 [INFO] IPUIPlugin:80 - create IPUIPlugin
2023-08-23 16:49:36,196 [INFO] PluginManager:220 - loadIPPluginJar : add quadspi
2023-08-23 16:49:36,209 [INFO] IPUIPlugin:80 - create IPUIPlugin
2023-08-23 16:49:36,209 [INFO] PluginManager:220 - loadIPPluginJar : add resmgrutility
2023-08-23 16:49:36,254 [INFO] IPUIPlugin:80 - create IPUIPlugin
2023-08-23 16:49:36,254 [INFO] PluginManager:220 - loadIPPluginJar : add sai
2023-08-23 16:49:36,294 [INFO] IPUIPlugin:80 - create IPUIPlugin
2023-08-23 16:49:36,294 [INFO] PluginManager:220 - loadIPPluginJar : add spi
2023-08-23 16:49:36,347 [INFO] IPUIPlugin:80 - create IPUIPlugin
2023-08-23 16:49:36,347 [INFO] PluginManager:220 - loadIPPluginJar : add stm32_wpan
2023-08-23 16:49:36,370 [INFO] IPUIPlugin:80 - create IPUIPlugin
2023-08-23 16:49:36,370 [INFO] PluginManager:220 - loadIPPluginJar : add tim
2023-08-23 16:49:36,422 [INFO] IPUIPlugin:80 - create IPUIPlugin
2023-08-23 16:49:36,422 [INFO] PluginManager:220 - loadIPPluginJar : add touchsensing
2023-08-23 16:49:36,444 [INFO] IPUIPlugin:80 - create IPUIPlugin
2023-08-23 16:49:36,444 [INFO] PluginManager:220 - loadIPPluginJar : add tracer_emb
2023-08-23 16:49:36,467 [INFO] IPUIPlugin:80 - create IPUIPlugin
2023-08-23 16:49:36,467 [INFO] PluginManager:220 - loadIPPluginJar : add ts
2023-08-23 16:49:36,488 [INFO] IPUIPlugin:80 - create IPUIPlugin
2023-08-23 16:49:36,488 [INFO] PluginManager:220 - loadIPPluginJar : add tsc
2023-08-23 16:49:36,509 [INFO] IPUIPlugin:80 - create IPUIPlugin
2023-08-23 16:49:36,509 [INFO] PluginManager:220 - loadIPPluginJar : add ucpd
2023-08-23 16:49:36,550 [INFO] IPUIPlugin:80 - create IPUIPlugin
2023-08-23 16:49:36,550 [INFO] PluginManager:220 - loadIPPluginJar : add usart
2023-08-23 16:49:36,584 [INFO] ThirdPartyUpdaterWithRetryManager:70 - Updater plugin not ready yet. [2/15]
2023-08-23 16:49:36,591 [INFO] IPUIPlugin:80 - create IPUIPlugin
2023-08-23 16:49:36,591 [INFO] PluginManager:220 - loadIPPluginJar : add usbx
2023-08-23 16:49:36,717 [INFO] CADModel:165 - CPN selected for project level
2023-08-23 16:49:36,718 [INFO] CADModel:114 - Register for checkConnection events
2023-08-23 16:49:36,718 [FATAL] Updater:308 - Updater called before beeing initialized
2023-08-23 16:49:36,718 [ERROR] CADModel:125 - Updater not yet initialized, retry later 
2023-08-23 16:49:36,857 [INFO] CADModel:165 - CPN selected for project level
2023-08-23 16:49:36,857 [INFO] CADModel:114 - Register for checkConnection events
2023-08-23 16:49:36,857 [FATAL] Updater:308 - Updater called before beeing initialized
2023-08-23 16:49:36,857 [ERROR] CADModel:125 - Updater not yet initialized, retry later 
2023-08-23 16:49:36,861 [FATAL] Updater:308 - Updater called before beeing initialized
2023-08-23 16:49:36,957 [FATAL] Updater:308 - Updater called before beeing initialized
2023-08-23 16:49:36,967 [INFO] DbMcusAds:53 - JSON generation date=Tue Mar 07 11:50:55 TRT 2023 (1678179055114)
2023-08-23 16:49:36,967 [FATAL] Updater:308 - Updater called before beeing initialized
2023-08-23 16:49:37,042 [WARN] DetailPanel:346 - Failed to get advertising image, set to default
2023-08-23 16:49:37,143 [FATAL] Updater:308 - Updater called before beeing initialized
2023-08-23 16:49:37,145 [FATAL] Updater:308 - Updater called before beeing initialized
2023-08-23 16:49:37,145 [FATAL] Updater:308 - Updater called before beeing initialized
2023-08-23 16:49:37,145 [WARN] DetailPanel:346 - Failed to get advertising image, set to default
2023-08-23 16:49:37,146 [FATAL] Updater:308 - Updater called before beeing initialized
2023-08-23 16:49:37,200 [ERROR] Updater:1120 - MainUpdater not yet initialized. External WinMGr cannot be set.
2023-08-23 16:49:37,211 [INFO] Updater:1056 - Updater Version found : 6.9.1
2023-08-23 16:49:37,226 [INFO] ApplicationProperties:184 - Using Application install path: C:\ST\STM32CubeIDE_1.11.0\STM32CubeIDE\plugins\com.st.stm32cube.common.mx_6.9.1.202307191849
2023-08-23 16:49:37,672 [INFO] MainUpdater:2868 - connection check result : 10
2023-08-23 16:49:37,675 [INFO] MainUpdater:285 - Updater Check For Update Now.
2023-08-23 16:49:37,676 [INFO] MicroXplorer:498 - Change Database Version : DB.6.0.91
2023-08-23 16:49:37,701 [INFO] McuFinderGlobals:63 - Set McuFinder mode to 2 (CubeIDE integrated)
2023-08-23 16:49:37,904 [INFO] CheckServerUpdateThread:120 - End of CheckServer Thread
2023-08-23 16:49:39,729 [WARN] PackLoader:240 - Cannot read IP mode file for STMicroelectronics.X-CUBE-SMBUS.2.1.0
2023-08-23 16:49:39,774 [WARN] PackLoader:240 - Cannot read IP mode file for STMicroelectronics.X-CUBE-AZRTOS-F7.1.1.0
2023-08-23 16:49:39,795 [WARN] PackLoader:240 - Cannot read IP mode file for STMicroelectronics.FP-SNS-MOTENV1.4.3.2
2023-08-23 16:49:39,820 [WARN] PackLoader:240 - Cannot read IP mode file for STMicroelectronics.X-CUBE-BLE1.6.2.4
2023-08-23 16:49:39,835 [WARN] PackLoader:240 - Cannot read IP mode file for STMicroelectronics.FP-SNS-FLIGHT1.5.0.2
2023-08-23 16:49:39,855 [WARN] PackLoader:240 - Cannot read IP mode file for STMicroelectronics.X-CUBE-DISPLAY.3.0.0
2023-08-23 16:49:39,876 [WARN] PackLoader:240 - Cannot read IP mode file for STMicroelectronics.X-CUBE-BLE1.7.0.0
2023-08-23 16:49:39,892 [WARN] PackLoader:240 - Cannot read IP mode file for emotas.I-CUBE-CANOPEN.1.3.0
2023-08-23 16:49:39,908 [WARN] PackLoader:240 - Cannot read IP mode file for STMicroelectronics.X-CUBE-TOUCHGFX.4.22.0
2023-08-23 16:49:39,934 [INFO] LogOutputStream:77 - [STDOUT_REDIRECT] 1 : Invalid condition id : UX_CORESTACK_Condition cause : null
2023-08-23 16:49:39,935 [INFO] LogOutputStream:77 - [STDOUT_REDIRECT] 1 : Invalid condition id : UX_CORESTACK_Condition cause : null
2023-08-23 16:49:39,936 [INFO] LogOutputStream:77 - [STDOUT_REDIRECT] 1 : Invalid condition id : UX_CORESTACK_Condition cause : null
2023-08-23 16:49:39,938 [INFO] LogOutputStream:77 - [STDOUT_REDIRECT] 1 : Invalid condition id : UX_CORESTACK_Condition cause : null
2023-08-23 16:49:39,939 [INFO] LogOutputStream:77 - [STDOUT_REDIRECT] 1 : Invalid condition id : UX_CORESTACK_Condition cause : null
2023-08-23 16:49:39,943 [WARN] PackLoader:240 - Cannot read IP mode file for STMicroelectronics.X-CUBE-AZRTOS-WL.2.0.0
2023-08-23 16:49:39,964 [WARN] PackLoader:240 - Cannot read IP mode file for WES.I-CUBE-Cesium.1.3.0
2023-08-23 16:49:39,993 [WARN] PackLoader:240 - Cannot read IP mode file for STMicroelectronics.X-CUBE-BLE2.3.3.0
2023-08-23 16:49:40,022 [WARN] PackLoader:240 - Cannot read IP mode file for STMicroelectronics.X-CUBE-ALGOBUILD.1.3.0
2023-08-23 16:49:40,057 [WARN] PackLoader:240 - Cannot read IP mode file for STMicroelectronics.X-CUBE-AZRTOS-G0.1.1.0
2023-08-23 16:49:40,079 [WARN] PackLoader:240 - Cannot read IP mode file for STMicroelectronics.X-CUBE-NFC4.3.0.0
2023-08-23 16:49:40,098 [WARN] PackLoader:240 - Cannot read IP mode file for STMicroelectronics.FP-ATR-SIGFOX1.3.2.0
2023-08-23 16:49:40,169 [WARN] PackLoader:240 - Cannot read IP mode file for SEGGER.I-CUBE-embOS.1.3.1
2023-08-23 16:49:40,237 [WARN] PackLoader:240 - Cannot read IP mode file for STMicroelectronics.X-CUBE-GNSS1.6.0.0
2023-08-23 16:49:40,276 [WARN] PackLoader:240 - Cannot read IP mode file for STMicroelectronics.X-CUBE-AZRTOS-F4.1.1.0
2023-08-23 16:49:40,296 [WARN] PackLoader:240 - Cannot read IP mode file for wolfSSL.I-CUBE-wolfSSL.5.6.3
2023-08-23 16:49:40,333 [WARN] PackLoader:240 - Cannot read IP mode file for STMicroelectronics.X-CUBE-AZRTOS-L5.2.0.0
2023-08-23 16:49:40,407 [WARN] PackLoader:240 - Cannot read IP mode file for STMicroelectronics.X-CUBE-MEMS1.9.6.0
2023-08-23 16:49:40,731 [WARN] PackLoader:240 - Cannot read IP mode file for STMicroelectronics.X-CUBE-BLEMGR.2.0.0
2023-08-23 16:49:40,778 [WARN] ConditionMgr:438 - getConditionDescription Invalid condition id : UX DEVICE CLASS RTOS Condition cause : null
2023-08-23 16:49:40,779 [WARN] ConditionMgr:438 - getConditionDescription Invalid condition id : UX DEVICE CLASS RTOS Condition cause : null
2023-08-23 16:49:40,784 [WARN] PackLoader:240 - Cannot read IP mode file for STMicroelectronics.X-CUBE-AZRTOS-H7.3.1.0
2023-08-23 16:49:40,785 [WARN] ConditionMgr:1039 - genDependencies : Invalid condition id : UX DEVICE CLASS RTOS Condition cause : null
2023-08-23 16:49:40,786 [WARN] ConditionMgr:1039 - genDependencies : Invalid condition id : UX DEVICE CLASS RTOS Condition cause : null
2023-08-23 16:49:40,786 [WARN] ConditionMgr:1039 - genDependencies : Invalid condition id : UX DEVICE CLASS RTOS Condition cause : null
2023-08-23 16:49:40,787 [WARN] ConditionMgr:1039 - genDependencies : Invalid condition id : UX DEVICE CLASS RTOS Condition cause : null
2023-08-23 16:49:40,787 [WARN] ConditionMgr:1039 - genDependencies : Invalid condition id : UX DEVICE CLASS RTOS Condition cause : null
2023-08-23 16:49:40,807 [WARN] PackLoader:240 - Cannot read IP mode file for STMicroelectronics.X-CUBE-NFC7.1.0.1
2023-08-23 16:49:40,828 [WARN] PackLoader:240 - Cannot read IP mode file for STMicroelectronics.X-CUBE-EEPRMA1.4.1.0
2023-08-23 16:49:40,845 [WARN] PackLoader:240 - Cannot read IP mode file for STMicroelectronics.X-CUBE-AI.8.1.0
2023-08-23 16:49:40,896 [WARN] ConditionMgr:438 - getConditionDescription Invalid condition id : LAN8742 Phy interface Condition cause : null
2023-08-23 16:49:40,897 [WARN] PackLoader:240 - Cannot read IP mode file for STMicroelectronics.X-CUBE-AZRTOS-L4.2.0.0
2023-08-23 16:49:40,898 [WARN] ConditionMgr:1039 - genDependencies : Invalid condition id : LAN8742 Phy interface Condition cause : null
2023-08-23 16:49:40,899 [WARN] ConditionMgr:1039 - genDependencies : Invalid condition id : LAN8742 Phy interface Condition cause : null
2023-08-23 16:49:40,900 [WARN] ConditionMgr:1039 - genDependencies : Invalid condition id : LAN8742 Phy interface Condition cause : null
2023-08-23 16:49:40,921 [WARN] PackLoader:240 - Cannot read IP mode file for STMicroelectronics.X-CUBE-SFXS2LP1.4.0.0
2023-08-23 16:49:40,940 [WARN] PackLoader:240 - Cannot read IP mode file for STMicroelectronics.X-CUBE-ISPU.1.1.0
2023-08-23 16:49:40,977 [WARN] ConditionMgr:438 - getConditionDescription Invalid condition id : UX DEVICE CLASS RTOS Condition cause : null
2023-08-23 16:49:40,977 [WARN] ConditionMgr:438 - getConditionDescription Invalid condition id : UX DEVICE CLASS RTOS Condition cause : null
2023-08-23 16:49:40,980 [WARN] PackLoader:240 - Cannot read IP mode file for STMicroelectronics.X-CUBE-AZRTOS-WB.2.0.0
2023-08-23 16:49:40,980 [WARN] ConditionMgr:1039 - genDependencies : Invalid condition id : UX DEVICE CLASS RTOS Condition cause : null
2023-08-23 16:49:40,981 [WARN] ConditionMgr:1039 - genDependencies : Invalid condition id : UX DEVICE CLASS RTOS Condition cause : null
2023-08-23 16:49:40,981 [WARN] ConditionMgr:1039 - genDependencies : Invalid condition id : UX DEVICE CLASS RTOS Condition cause : null
2023-08-23 16:49:40,982 [WARN] ConditionMgr:1039 - genDependencies : Invalid condition id : UX DEVICE CLASS RTOS Condition cause : null
2023-08-23 16:49:40,982 [WARN] ConditionMgr:1039 - genDependencies : Invalid condition id : UX DEVICE CLASS RTOS Condition cause : null
2023-08-23 16:49:41,005 [WARN] PackLoader:240 - Cannot read IP mode file for STMicroelectronics.X-CUBE-FREERTOS.1.0.1
2023-08-23 16:49:41,053 [WARN] PackLoader:240 - Cannot read IP mode file for STMicroelectronics.X-CUBE-AZRTOS-L5.1.1.0
2023-08-23 16:49:41,089 [WARN] PackLoader:240 - Cannot read IP mode file for STMicroelectronics.X-CUBE-SUBG2.5.0.0
2023-08-23 16:49:41,121 [WARN] PackLoader:240 - Cannot read IP mode file for STMicroelectronics.X-CUBE-TOF1.3.3.1
2023-08-23 16:49:41,165 [WARN] PackLoader:240 - Cannot read IP mode file for STMicroelectronics.X-CUBE-AZRTOS-G4.2.0.0
2023-08-23 16:49:41,188 [WARN] PackLoader:240 - Cannot read IP mode file for portGmbH.I-Cube-SoM-uGOAL.1.1.0
2023-08-23 16:49:41,205 [WARN] PackLoader:240 - Cannot read IP mode file for STMicroelectronics.X-CUBE-ALS.1.0.1
2023-08-23 16:49:41,242 [WARN] PackLoader:240 - Cannot read IP mode file for STMicroelectronics.X-CUBE-AZRTOS-WB.1.1.0
2023-08-23 16:49:41,260 [WARN] PackLoader:240 - Cannot read IP mode file for STMicroelectronics.FP-ATR-ASTRA1.2.0.0
2023-08-23 16:49:41,261 [INFO] ThirdParty:978 - Integrity check success = true
2023-08-23 16:49:41,261 [INFO] IntegrityCheckThread:100 - exiting critical section [integrity check]
2023-08-23 16:49:41,261 [INFO] IntegrityCheckThread:103 - End integrity checks thread
2023-08-23 16:49:58,408 [ERROR] LogOutputStream:75 - [STDERR_REDIRECT] SLF4J: Failed to load class "org.slf4j.impl.StaticLoggerBinder".
2023-08-23 16:49:58,409 [ERROR] LogOutputStream:75 - [STDERR_REDIRECT] SLF4J: Defaulting to no-operation (NOP) logger implementation
2023-08-23 16:49:58,410 [ERROR] LogOutputStream:75 - [STDERR_REDIRECT] SLF4J: See http://www.slf4j.org/codes.html#StaticLoggerBinder for further details.
